Using pre-set license
Built from 'HEAD' branch; Version is '2021.3.16f1c1 (56dbfdd6697f) revision 5692413'; Using compiler version '192829333'; Build Type 'Release'
OS: 'Windows 11  (10.0.26200) 64bit CoreCountrySpecific' Language: 'zh' Physical Memory: 15774 MB
BatchMode: 1, IsHumanControllingUs: 0, StartBugReporterOnCrash: 0, Is64bit: 1, IsPro: 1

COMMAND LINE ARGUMENTS:
D:\unitybianjiqi\2021.3.16f1c1\Editor\Unity.exe
-adb2
-batchMode
-noUpm
-name
AssetImportWorker17
-projectPath
C:/Users/rog/Desktop/shixunUnity
-logFile
Logs/AssetImportWorker17.log
-srvPort
11931
Successfully changed project path to: C:/Users/rog/Desktop/shixunUnity
C:/Users/rog/Desktop/shixunUnity
[UnityMemory] Configuration Parameters - Can be set up in boot.config
    "memorysetup-bucket-allocator-granularity=16"
    "memorysetup-bucket-allocator-bucket-count=8"
    "memorysetup-bucket-allocator-block-size=33554432"
    "memorysetup-bucket-allocator-block-count=8"
    "memorysetup-main-allocator-block-size=16777216"
    "memorysetup-thread-allocator-block-size=16777216"
    "memorysetup-gfx-main-allocator-block-size=16777216"
    "memorysetup-gfx-thread-allocator-block-size=16777216"
    "memorysetup-cache-allocator-block-size=4194304"
    "memorysetup-typetree-allocator-block-size=2097152"
    "memorysetup-profiler-bucket-allocator-granularity=16"
    "memorysetup-profiler-bucket-allocator-bucket-count=8"
    "memorysetup-profiler-bucket-allocator-block-size=33554432"
    "memorysetup-profiler-bucket-allocator-block-count=8"
    "memorysetup-profiler-allocator-block-size=16777216"
    "memorysetup-profiler-editor-allocator-block-size=1048576"
    "memorysetup-temp-allocator-size-main=16777216"
    "memorysetup-job-temp-allocator-block-size=2097152"
    "memorysetup-job-temp-allocator-block-size-background=1048576"
    "memorysetup-job-temp-allocator-reduction-small-platforms=262144"
    "memorysetup-temp-allocator-size-background-worker=32768"
    "memorysetup-temp-allocator-size-job-worker=262144"
    "memorysetup-temp-allocator-size-preload-manager=33554432"
    "memorysetup-temp-allocator-size-nav-mesh-worker=65536"
    "memorysetup-temp-allocator-size-audio-worker=65536"
    "memorysetup-temp-allocator-size-cloud-worker=32768"
    "memorysetup-temp-allocator-size-gi-baking-worker=262144"
    "memorysetup-temp-allocator-size-gfx=262144"
Player connection [8000] Host "[IP] 192.168.3.205 [Port] 0 [Flags] 2 [Guid] 2429825793 [EditorId] 2429825793 [Version] 1048832 [Id] WindowsEditor(7,LAPTOP-K5FB5TGA) [Debug] 1 [PackageName] WindowsEditor [ProjectName] Editor" joined multi-casting on [225.0.0.222:54997]...

Player connection [8000] Host "[IP] 192.168.3.205 [Port] 0 [Flags] 2 [Guid] 2429825793 [EditorId] 2429825793 [Version] 1048832 [Id] WindowsEditor(7,LAPTOP-K5FB5TGA) [Debug] 1 [PackageName] WindowsEditor [ProjectName] Editor" joined alternative multi-casting on [225.0.0.222:34997]...

AS: AutoStreaming module initializing.
Refreshing native plugins compatible for Editor in 215.69 ms, found 4 plugins.
Preloading 0 native plugins for Editor in 0.00 ms.
Initialize engine version: 2021.3.16f1c1 (56dbfdd6697f)
[Subsystems] Discovering subsystems at path D:/unitybianjiqi/2021.3.16f1c1/Editor/Data/Resources/UnitySubsystems
[Subsystems] Discovering subsystems at path C:/Users/rog/Desktop/shixunUnity/Assets
GfxDevice: creating device client; threaded=0; jobified=0
Direct3D:
    Version:  Direct3D 11.0 [level 11.1]
    Renderer: AMD Radeon RX 6800M (ID=0x73df)
    Vendor:   ATI
    VRAM:     12242 MB
    Driver:   32.0.21041.1000
Initialize mono
Mono path[0] = 'D:/unitybianjiqi/2021.3.16f1c1/Editor/Data/Managed'
Mono path[1] = 'D:/unitybianjiqi/2021.3.16f1c1/Editor/Data/MonoBleedingEdge/lib/mono/unityjit-win32'
Mono config path = 'D:/unitybianjiqi/2021.3.16f1c1/Editor/Data/MonoBleedingEdge/etc'
Using monoOptions --debugger-agent=transport=dt_socket,embedding=1,server=y,suspend=n,address=127.0.0.1:56964
Begin MonoManager ReloadAssembly
Registering precompiled unity dll's ...
Register platform support module: D:/unitybianjiqi/2021.3.16f1c1/Editor/Data/PlaybackEngines/WindowsStandaloneSupport/UnityEditor.WindowsStandalone.Extensions.dll
Registered in 0.006296 seconds.
Native extension for WindowsStandalone target not found
Refreshing native plugins compatible for Editor in 173.95 ms, found 4 plugins.
Preloading 0 native plugins for Editor in 0.00 ms.
Mono: successfully reloaded assembly
- Completed reload, in  0.821 seconds
Domain Reload Profiling:
	ReloadAssembly (822ms)
		BeginReloadAssembly (99ms)
			ExecutionOrderSort (0ms)
			DisableScriptedObjects (0ms)
			BackupInstance (0ms)
			ReleaseScriptingObjects (0ms)
			CreateAndSetChildDomain (1ms)
		EndReloadAssembly (586ms)
			LoadAssemblies (91ms)
			RebuildTransferFunctionScriptingTraits (0ms)
			SetupTypeCache (115ms)
			ReleaseScriptCaches (0ms)
			RebuildScriptCaches (26ms)
			SetupLoadedEditorAssemblies (372ms)
				LogAssemblyErrors (0ms)
				InitializePlatformSupportModulesInManaged (8ms)
				SetLoadedEditorAssemblies (0ms)
				RefreshPlugins (174ms)
				BeforeProcessingInitializeOnLoad (2ms)
				ProcessInitializeOnLoadAttributes (136ms)
				ProcessInitializeOnLoadMethodAttributes (51ms)
				AfterProcessingInitializeOnLoad (0ms)
				EditorAssembliesLoaded (0ms)
			ExecutionOrderSort2 (0ms)
			AwakeInstancesAfterBackupRestoration (0ms)
Platform modules already initialized, skipping
Registering precompiled user dll's ...
Registered in 0.045612 seconds.
Begin MonoManager ReloadAssembly
Symbol file LoadedFromMemory doesn't match image C:\Users\rog\Desktop\shixunUnity\Library\PackageCache\com.unity.visualscripting@1.7.8\Editor\VisualScripting.Core\Dependencies\DotNetZip\Unity.VisualScripting.IonicZip.dll
Symbol file LoadedFromMemory doesn't match image C:\Users\rog\Desktop\shixunUnity\Library\PackageCache\com.unity.visualscripting@1.7.8\Editor\VisualScripting.Core\Dependencies\YamlDotNet\Unity.VisualScripting.YamlDotNet.dll
Native extension for WindowsStandalone target not found
Refreshing native plugins compatible for Editor in 158.49 ms, found 4 plugins.
Preloading 0 native plugins for Editor in 0.00 ms.
Package Manager log level set to [2]
Mono: successfully reloaded assembly
- Completed reload, in  1.782 seconds
Domain Reload Profiling:
	ReloadAssembly (1783ms)
		BeginReloadAssembly (137ms)
			ExecutionOrderSort (0ms)
			DisableScriptedObjects (7ms)
			BackupInstance (0ms)
			ReleaseScriptingObjects (0ms)
			CreateAndSetChildDomain (23ms)
		EndReloadAssembly (1488ms)
			LoadAssemblies (136ms)
			RebuildTransferFunctionScriptingTraits (0ms)
			SetupTypeCache (312ms)
			ReleaseScriptCaches (1ms)
			RebuildScriptCaches (82ms)
			SetupLoadedEditorAssemblies (870ms)
				LogAssemblyErrors (0ms)
				InitializePlatformSupportModulesInManaged (6ms)
				SetLoadedEditorAssemblies (0ms)
				RefreshPlugins (159ms)
				BeforeProcessingInitializeOnLoad (181ms)
				ProcessInitializeOnLoadAttributes (304ms)
				ProcessInitializeOnLoadMethodAttributes (203ms)
				AfterProcessingInitializeOnLoad (18ms)
				EditorAssembliesLoaded (0ms)
			ExecutionOrderSort2 (0ms)
			AwakeInstancesAfterBackupRestoration (8ms)
Platform modules already initialized, skipping
========================================================================
Worker process is ready to serve import requests
Launched and connected shader compiler UnityShaderCompiler.exe after 0.06 seconds
Refreshing native plugins compatible for Editor in 1.41 ms, found 4 plugins.
Preloading 0 native plugins for Editor in 0.00 ms.
Unloading 6350 Unused Serialized files (Serialized files now loaded: 0)
Unloading 93 unused Assets / (0.8 MB). Loaded Objects now: 6768.
Memory consumption went from 238.0 MB to 237.2 MB.
Total: 7.409100 ms (FindLiveObjects: 0.472700 ms CreateObjectMapping: 0.205500 ms MarkObjects: 6.397000 ms  DeleteObjects: 0.332700 ms)

AssetImportParameters requested are different than current active one (requested -> active):
  custom:video-decoder-ogg-theora: a1e56fd34408186e4bbccfd4996cb3dc -> 
  custom:container-muxer-webm: aa71ff27fc2769a1b78a27578f13a17b -> 
  custom:container-demuxer-webm: 4f35f7cbe854078d1ac9338744f61a02 -> 
  custom:video-encoder-webm-vp8: eb34c28f22e8b96e1ab97ce403110664 -> 
  custom:video-codec-MediaFoundation-h265: 746d11721c4dcdbdad8f713fa42b33f4 -> 
  custom:audio-encoder-webm-vorbis: bf7c407c2cedff20999df2af8eb42d56 -> 
  custom:framework-win-MediaFoundation: 216162199b28c13a410421893ffa2e32 -> 
  custom:container-demuxer-ogg: 62fdf1f143b41e24485cea50d1cbac27 -> 
  custom:video-decoder-webm-vp8: 9c59270c3fd7afecdb556c50c9e8de78 -> 
  custom:audio-decoder-ogg-vorbis: bf7c407c2cedff20999df2af8eb42d56 -> 
========================================================================
Received Import Request.
  Time since last request: 35857.125061 seconds.
  path: Assets/Prefabs/prefab3/standard.prefab
  artifactKey: Guid(547b24cdaa4599c438785dc8e74ec20d) Importer(815301076,1909f56bfc062723c751e8b465ee728b)
Start importing Assets/Prefabs/prefab3/standard.prefab using Guid(547b24cdaa4599c438785dc8e74ec20d) Importer(815301076,1909f56bfc062723c751e8b465ee728b)  -> (artifact id: '5674d656834f4783587bd09b4bc6d15f') in 0.243872 seconds 
========================================================================
Received Import Request.
  Time since last request: 8.244692 seconds.
  path: Assets/Prefabs/prefab3/standard.prefab
  artifactKey: Guid(547b24cdaa4599c438785dc8e74ec20d) Importer(815301076,1909f56bfc062723c751e8b465ee728b)
Start importing Assets/Prefabs/prefab3/standard.prefab using Guid(547b24cdaa4599c438785dc8e74ec20d) Importer(815301076,1909f56bfc062723c751e8b465ee728b)  -> (artifact id: 'cbf8f73843888cfbd88c597925d65297') in 0.033180 seconds 
========================================================================
Received Import Request.
  Time since last request: 10.618346 seconds.
  path: Assets/Prefabs/prefab3/standard.prefab
  artifactKey: Guid(547b24cdaa4599c438785dc8e74ec20d) Importer(815301076,1909f56bfc062723c751e8b465ee728b)
Start importing Assets/Prefabs/prefab3/standard.prefab using Guid(547b24cdaa4599c438785dc8e74ec20d) Importer(815301076,1909f56bfc062723c751e8b465ee728b)  -> (artifact id: '27489fc82221308504a5c209e160b852') in 0.021648 seconds 
========================================================================
Received Import Request.
  Time since last request: 14.884558 seconds.
  path: Assets/Prefabs/prefab3/standard.prefab
  artifactKey: Guid(547b24cdaa4599c438785dc8e74ec20d) Importer(815301076,1909f56bfc062723c751e8b465ee728b)
Start importing Assets/Prefabs/prefab3/standard.prefab using Guid(547b24cdaa4599c438785dc8e74ec20d) Importer(815301076,1909f56bfc062723c751e8b465ee728b)  -> (artifact id: '71b105178ca09dc14cb38f571ade7890') in 0.021915 seconds 
========================================================================
Received Import Request.
  Time since last request: 11.202331 seconds.
  path: Assets/Prefabs/prefab3/standard.prefab
  artifactKey: Guid(547b24cdaa4599c438785dc8e74ec20d) Importer(815301076,1909f56bfc062723c751e8b465ee728b)
Start importing Assets/Prefabs/prefab3/standard.prefab using Guid(547b24cdaa4599c438785dc8e74ec20d) Importer(815301076,1909f56bfc062723c751e8b465ee728b)  -> (artifact id: '679d31ba2ce40268401fa236788a3173') in 0.042267 seconds 
========================================================================
Received Import Request.
  Time since last request: 8.031778 seconds.
  path: Assets/Prefabs/prefab3/standard.prefab
  artifactKey: Guid(547b24cdaa4599c438785dc8e74ec20d) Importer(815301076,1909f56bfc062723c751e8b465ee728b)
Start importing Assets/Prefabs/prefab3/standard.prefab using Guid(547b24cdaa4599c438785dc8e74ec20d) Importer(815301076,1909f56bfc062723c751e8b465ee728b)  -> (artifact id: 'd708302f7218cde234c7dcf9a7109bfa') in 0.029276 seconds 
========================================================================
Received Import Request.
  Time since last request: 4.218048 seconds.
  path: Assets/Prefabs/prefab3/standard.prefab
  artifactKey: Guid(547b24cdaa4599c438785dc8e74ec20d) Importer(815301076,1909f56bfc062723c751e8b465ee728b)
Start importing Assets/Prefabs/prefab3/standard.prefab using Guid(547b24cdaa4599c438785dc8e74ec20d) Importer(815301076,1909f56bfc062723c751e8b465ee728b)  -> (artifact id: '2879168874e6584e45f9db609ed722df') in 0.029025 seconds 
========================================================================
Received Import Request.
  Time since last request: 9.686541 seconds.
  path: Assets/Prefabs/prefab3/standard.prefab
  artifactKey: Guid(547b24cdaa4599c438785dc8e74ec20d) Importer(815301076,1909f56bfc062723c751e8b465ee728b)
Start importing Assets/Prefabs/prefab3/standard.prefab using Guid(547b24cdaa4599c438785dc8e74ec20d) Importer(815301076,1909f56bfc062723c751e8b465ee728b)  -> (artifact id: 'd75f6cc46a12753c366853cf13727328') in 0.035692 seconds 
========================================================================
Received Import Request.
  Time since last request: 5.852456 seconds.
  path: Assets/Prefabs/prefab3/standard.prefab
  artifactKey: Guid(547b24cdaa4599c438785dc8e74ec20d) Importer(815301076,1909f56bfc062723c751e8b465ee728b)
Start importing Assets/Prefabs/prefab3/standard.prefab using Guid(547b24cdaa4599c438785dc8e74ec20d) Importer(815301076,1909f56bfc062723c751e8b465ee728b)  -> (artifact id: '5dc8fc6aaf281e21bb0c0b0e066c699b') in 0.030690 seconds 
========================================================================
Received Import Request.
  Time since last request: 4.972088 seconds.
  path: Assets/Prefabs/prefab3/standard.prefab
  artifactKey: Guid(547b24cdaa4599c438785dc8e74ec20d) Importer(815301076,1909f56bfc062723c751e8b465ee728b)
Start importing Assets/Prefabs/prefab3/standard.prefab using Guid(547b24cdaa4599c438785dc8e74ec20d) Importer(815301076,1909f56bfc062723c751e8b465ee728b)  -> (artifact id: 'fe9d2dd8be469157d29ed3e021dcd261') in 0.029435 seconds 
========================================================================
Received Import Request.
  Time since last request: 3.413276 seconds.
  path: Assets/Prefabs/prefab3/standard.prefab
  artifactKey: Guid(547b24cdaa4599c438785dc8e74ec20d) Importer(815301076,1909f56bfc062723c751e8b465ee728b)
Start importing Assets/Prefabs/prefab3/standard.prefab using Guid(547b24cdaa4599c438785dc8e74ec20d) Importer(815301076,1909f56bfc062723c751e8b465ee728b)  -> (artifact id: '1863deda9594cea1b1cdab73a074fdb3') in 0.031217 seconds 
========================================================================
Received Import Request.
  Time since last request: 7.025497 seconds.
  path: Assets/Prefabs/prefab3/standard.prefab
  artifactKey: Guid(547b24cdaa4599c438785dc8e74ec20d) Importer(815301076,1909f56bfc062723c751e8b465ee728b)
Start importing Assets/Prefabs/prefab3/standard.prefab using Guid(547b24cdaa4599c438785dc8e74ec20d) Importer(815301076,1909f56bfc062723c751e8b465ee728b)  -> (artifact id: 'bd228db7d813015f4d9c4082aa935ca5') in 0.032052 seconds 
========================================================================
Received Import Request.
  Time since last request: 17.775108 seconds.
  path: Assets/Prefabs/prefab3/standard.prefab
  artifactKey: Guid(547b24cdaa4599c438785dc8e74ec20d) Importer(815301076,1909f56bfc062723c751e8b465ee728b)
Start importing Assets/Prefabs/prefab3/standard.prefab using Guid(547b24cdaa4599c438785dc8e74ec20d) Importer(815301076,1909f56bfc062723c751e8b465ee728b)  -> (artifact id: 'cd842b3ed229e7d1a8980203d1a0886a') in 0.027796 seconds 
========================================================================
Received Import Request.
  Time since last request: 3.600347 seconds.
  path: Assets/Prefabs/prefab3/standard.prefab
  artifactKey: Guid(547b24cdaa4599c438785dc8e74ec20d) Importer(815301076,1909f56bfc062723c751e8b465ee728b)
Start importing Assets/Prefabs/prefab3/standard.prefab using Guid(547b24cdaa4599c438785dc8e74ec20d) Importer(815301076,1909f56bfc062723c751e8b465ee728b)  -> (artifact id: 'cf6700057031adfb746c52525caf1612') in 0.029496 seconds 
========================================================================
Received Import Request.
  Time since last request: 4.419474 seconds.
  path: Assets/Prefabs/prefab3/standard.prefab
  artifactKey: Guid(547b24cdaa4599c438785dc8e74ec20d) Importer(815301076,1909f56bfc062723c751e8b465ee728b)
Start importing Assets/Prefabs/prefab3/standard.prefab using Guid(547b24cdaa4599c438785dc8e74ec20d) Importer(815301076,1909f56bfc062723c751e8b465ee728b)  -> (artifact id: '97c9fb17f9fa56b1f78bdbe4a88c7113') in 0.029706 seconds 
========================================================================
Received Import Request.
  Time since last request: 4.236629 seconds.
  path: Assets/Prefabs/prefab3/standard.prefab
  artifactKey: Guid(547b24cdaa4599c438785dc8e74ec20d) Importer(815301076,1909f56bfc062723c751e8b465ee728b)
Start importing Assets/Prefabs/prefab3/standard.prefab using Guid(547b24cdaa4599c438785dc8e74ec20d) Importer(815301076,1909f56bfc062723c751e8b465ee728b)  -> (artifact id: '58d65c66389e791ef0036b28e8b6289f') in 0.028984 seconds 
========================================================================
Received Import Request.
  Time since last request: 3.195868 seconds.
  path: Assets/Prefabs/prefab3/standard.prefab
  artifactKey: Guid(547b24cdaa4599c438785dc8e74ec20d) Importer(815301076,1909f56bfc062723c751e8b465ee728b)
Start importing Assets/Prefabs/prefab3/standard.prefab using Guid(547b24cdaa4599c438785dc8e74ec20d) Importer(815301076,1909f56bfc062723c751e8b465ee728b)  -> (artifact id: '753e3cd5ed5f430798a3d216804d5012') in 0.030037 seconds 
========================================================================
Received Import Request.
  Time since last request: 2.007118 seconds.
  path: Assets/Prefabs/prefab3/standard.prefab
  artifactKey: Guid(547b24cdaa4599c438785dc8e74ec20d) Importer(815301076,1909f56bfc062723c751e8b465ee728b)
Start importing Assets/Prefabs/prefab3/standard.prefab using Guid(547b24cdaa4599c438785dc8e74ec20d) Importer(815301076,1909f56bfc062723c751e8b465ee728b)  -> (artifact id: 'a0d0c4bbc78d8906a9dab3c5b319d4d8') in 0.032373 seconds 
========================================================================
Received Import Request.
  Time since last request: 3.173198 seconds.
  path: Assets/Prefabs/prefab3/standard.prefab
  artifactKey: Guid(547b24cdaa4599c438785dc8e74ec20d) Importer(815301076,1909f56bfc062723c751e8b465ee728b)
Start importing Assets/Prefabs/prefab3/standard.prefab using Guid(547b24cdaa4599c438785dc8e74ec20d) Importer(815301076,1909f56bfc062723c751e8b465ee728b)  -> (artifact id: 'd736145a8d8b925bcf1025015e6b2211') in 0.030251 seconds 
========================================================================
Received Import Request.
  Time since last request: 4.636666 seconds.
  path: Assets/Prefabs/prefab3/standard.prefab
  artifactKey: Guid(547b24cdaa4599c438785dc8e74ec20d) Importer(815301076,1909f56bfc062723c751e8b465ee728b)
Start importing Assets/Prefabs/prefab3/standard.prefab using Guid(547b24cdaa4599c438785dc8e74ec20d) Importer(815301076,1909f56bfc062723c751e8b465ee728b)  -> (artifact id: 'a3db19b76f7840a34a64253a9cfa37b6') in 0.029329 seconds 
========================================================================
Received Import Request.
  Time since last request: 1.568114 seconds.
  path: Assets/Prefabs/prefab3/standard.prefab
  artifactKey: Guid(547b24cdaa4599c438785dc8e74ec20d) Importer(815301076,1909f56bfc062723c751e8b465ee728b)
Start importing Assets/Prefabs/prefab3/standard.prefab using Guid(547b24cdaa4599c438785dc8e74ec20d) Importer(815301076,1909f56bfc062723c751e8b465ee728b)  -> (artifact id: '726b70d245a89d499fa985d15e3ec410') in 0.029743 seconds 
========================================================================
Received Import Request.
  Time since last request: 9.875155 seconds.
  path: Assets/Prefabs/prefab3/standard.prefab
  artifactKey: Guid(547b24cdaa4599c438785dc8e74ec20d) Importer(815301076,1909f56bfc062723c751e8b465ee728b)
Start importing Assets/Prefabs/prefab3/standard.prefab using Guid(547b24cdaa4599c438785dc8e74ec20d) Importer(815301076,1909f56bfc062723c751e8b465ee728b)  -> (artifact id: 'e00e719cfce182d23a435ab10a6409c6') in 0.030321 seconds 
========================================================================
Received Import Request.
  Time since last request: 5.825998 seconds.
  path: Assets/Prefabs/prefab3/standard.prefab
  artifactKey: Guid(547b24cdaa4599c438785dc8e74ec20d) Importer(815301076,1909f56bfc062723c751e8b465ee728b)
Start importing Assets/Prefabs/prefab3/standard.prefab using Guid(547b24cdaa4599c438785dc8e74ec20d) Importer(815301076,1909f56bfc062723c751e8b465ee728b)  -> (artifact id: '7610392cd6eb9dfd85099c393e4ea4be') in 0.038113 seconds 
========================================================================
Received Import Request.
  Time since last request: 3.808635 seconds.
  path: Assets/Prefabs/prefab3/standard.prefab
  artifactKey: Guid(547b24cdaa4599c438785dc8e74ec20d) Importer(815301076,1909f56bfc062723c751e8b465ee728b)
Start importing Assets/Prefabs/prefab3/standard.prefab using Guid(547b24cdaa4599c438785dc8e74ec20d) Importer(815301076,1909f56bfc062723c751e8b465ee728b)  -> (artifact id: 'a0969126e6c9185e8df8deafb103589b') in 0.030724 seconds 
========================================================================
Received Import Request.
  Time since last request: 3.434334 seconds.
  path: Assets/Prefabs/prefab3/standard.prefab
  artifactKey: Guid(547b24cdaa4599c438785dc8e74ec20d) Importer(815301076,1909f56bfc062723c751e8b465ee728b)
Start importing Assets/Prefabs/prefab3/standard.prefab using Guid(547b24cdaa4599c438785dc8e74ec20d) Importer(815301076,1909f56bfc062723c751e8b465ee728b)  -> (artifact id: 'e9a1c6249a5c86b7ea2c972cbdab6d81') in 0.031293 seconds 
========================================================================
Received Import Request.
  Time since last request: 3.035018 seconds.
  path: Assets/Prefabs/prefab3/standard.prefab
  artifactKey: Guid(547b24cdaa4599c438785dc8e74ec20d) Importer(815301076,1909f56bfc062723c751e8b465ee728b)
Start importing Assets/Prefabs/prefab3/standard.prefab using Guid(547b24cdaa4599c438785dc8e74ec20d) Importer(815301076,1909f56bfc062723c751e8b465ee728b)  -> (artifact id: '9a0e03486cf85e7c8f17a9a3d8fb512e') in 0.032215 seconds 
========================================================================
Received Import Request.
  Time since last request: 0.991642 seconds.
  path: Assets/Prefabs/prefab3/standard.prefab
  artifactKey: Guid(547b24cdaa4599c438785dc8e74ec20d) Importer(815301076,1909f56bfc062723c751e8b465ee728b)
Start importing Assets/Prefabs/prefab3/standard.prefab using Guid(547b24cdaa4599c438785dc8e74ec20d) Importer(815301076,1909f56bfc062723c751e8b465ee728b)  -> (artifact id: 'dd8a1096c7622385ce68b887c9c51e34') in 0.030829 seconds 
========================================================================
Received Import Request.
  Time since last request: 0.586797 seconds.
  path: Assets/Prefabs/prefab3/standard.prefab
  artifactKey: Guid(547b24cdaa4599c438785dc8e74ec20d) Importer(815301076,1909f56bfc062723c751e8b465ee728b)
Start importing Assets/Prefabs/prefab3/standard.prefab using Guid(547b24cdaa4599c438785dc8e74ec20d) Importer(815301076,1909f56bfc062723c751e8b465ee728b)  -> (artifact id: 'f33db3f34b401e5981fa5c229bf58fc7') in 0.032085 seconds 
========================================================================
Received Import Request.
  Time since last request: 3.592327 seconds.
  path: Assets/Prefabs/prefab3/standard.prefab
  artifactKey: Guid(547b24cdaa4599c438785dc8e74ec20d) Importer(815301076,1909f56bfc062723c751e8b465ee728b)
Start importing Assets/Prefabs/prefab3/standard.prefab using Guid(547b24cdaa4599c438785dc8e74ec20d) Importer(815301076,1909f56bfc062723c751e8b465ee728b)  -> (artifact id: '338e8edc1bbb383f1cb3ed8083b8e43b') in 0.031251 seconds 
========================================================================
Received Import Request.
  Time since last request: 4.210195 seconds.
  path: Assets/Prefabs/prefab3/standard.prefab
  artifactKey: Guid(547b24cdaa4599c438785dc8e74ec20d) Importer(815301076,1909f56bfc062723c751e8b465ee728b)
Start importing Assets/Prefabs/prefab3/standard.prefab using Guid(547b24cdaa4599c438785dc8e74ec20d) Importer(815301076,1909f56bfc062723c751e8b465ee728b)  -> (artifact id: '1282fefbc38ac4334f9137a8eb649a8f') in 0.032174 seconds 
========================================================================
Received Import Request.
  Time since last request: 3.597715 seconds.
  path: Assets/Prefabs/prefab3/standard.prefab
  artifactKey: Guid(547b24cdaa4599c438785dc8e74ec20d) Importer(815301076,1909f56bfc062723c751e8b465ee728b)
Start importing Assets/Prefabs/prefab3/standard.prefab using Guid(547b24cdaa4599c438785dc8e74ec20d) Importer(815301076,1909f56bfc062723c751e8b465ee728b)  -> (artifact id: 'd53a033efabe16913db3c1ab46c6196a') in 0.030625 seconds 
========================================================================
Received Import Request.
  Time since last request: 2.989142 seconds.
  path: Assets/Prefabs/prefab3/standard.prefab
  artifactKey: Guid(547b24cdaa4599c438785dc8e74ec20d) Importer(815301076,1909f56bfc062723c751e8b465ee728b)
Start importing Assets/Prefabs/prefab3/standard.prefab using Guid(547b24cdaa4599c438785dc8e74ec20d) Importer(815301076,1909f56bfc062723c751e8b465ee728b)  -> (artifact id: '72e9d6bc78dbac78f8782f5e86ec46b3') in 0.031673 seconds 
========================================================================
Received Import Request.
  Time since last request: 2.626977 seconds.
  path: Assets/Prefabs/prefab3/standard.prefab
  artifactKey: Guid(547b24cdaa4599c438785dc8e74ec20d) Importer(815301076,1909f56bfc062723c751e8b465ee728b)
Start importing Assets/Prefabs/prefab3/standard.prefab using Guid(547b24cdaa4599c438785dc8e74ec20d) Importer(815301076,1909f56bfc062723c751e8b465ee728b)  -> (artifact id: '6a48b6b0b7fe55ba89cab1cf682eccf9') in 0.032475 seconds 
========================================================================
Received Import Request.
  Time since last request: 0.164308 seconds.
  path: Assets/Prefabs/prefab3/standard.prefab
  artifactKey: Guid(547b24cdaa4599c438785dc8e74ec20d) Importer(815301076,1909f56bfc062723c751e8b465ee728b)
Start importing Assets/Prefabs/prefab3/standard.prefab using Guid(547b24cdaa4599c438785dc8e74ec20d) Importer(815301076,1909f56bfc062723c751e8b465ee728b)  -> (artifact id: '712a4037be9edf30f98732f42b2fd584') in 0.030513 seconds 
========================================================================
Received Import Request.
  Time since last request: 0.361270 seconds.
  path: Assets/Prefabs/prefab3/standard.prefab
  artifactKey: Guid(547b24cdaa4599c438785dc8e74ec20d) Importer(815301076,1909f56bfc062723c751e8b465ee728b)
Start importing Assets/Prefabs/prefab3/standard.prefab using Guid(547b24cdaa4599c438785dc8e74ec20d) Importer(815301076,1909f56bfc062723c751e8b465ee728b)  -> (artifact id: '5bcdcf1d921b06299c204546320f6648') in 0.030137 seconds 
========================================================================
Received Import Request.
  Time since last request: 6.313160 seconds.
  path: Assets/Prefabs/prefab3/standard.prefab
  artifactKey: Guid(547b24cdaa4599c438785dc8e74ec20d) Importer(815301076,1909f56bfc062723c751e8b465ee728b)
Start importing Assets/Prefabs/prefab3/standard.prefab using Guid(547b24cdaa4599c438785dc8e74ec20d) Importer(815301076,1909f56bfc062723c751e8b465ee728b)  -> (artifact id: '519d1a213d4719ca44114b37475e7f82') in 0.032866 seconds 
========================================================================
Received Import Request.
  Time since last request: 2.381091 seconds.
  path: Assets/Prefabs/prefab3/standard.prefab
  artifactKey: Guid(547b24cdaa4599c438785dc8e74ec20d) Importer(815301076,1909f56bfc062723c751e8b465ee728b)
Start importing Assets/Prefabs/prefab3/standard.prefab using Guid(547b24cdaa4599c438785dc8e74ec20d) Importer(815301076,1909f56bfc062723c751e8b465ee728b)  -> (artifact id: '3abc3a67991ede06d37868a3c00f238b') in 0.035352 seconds 
========================================================================
Received Import Request.
  Time since last request: 4.237818 seconds.
  path: Assets/Prefabs/prefab3/standard.prefab
  artifactKey: Guid(547b24cdaa4599c438785dc8e74ec20d) Importer(815301076,1909f56bfc062723c751e8b465ee728b)
Start importing Assets/Prefabs/prefab3/standard.prefab using Guid(547b24cdaa4599c438785dc8e74ec20d) Importer(815301076,1909f56bfc062723c751e8b465ee728b)  -> (artifact id: 'e1cc652d526cff5faced6e836285feb9') in 0.033120 seconds 
========================================================================
Received Import Request.
  Time since last request: 1.783610 seconds.
  path: Assets/Prefabs/prefab3/standard.prefab
  artifactKey: Guid(547b24cdaa4599c438785dc8e74ec20d) Importer(815301076,1909f56bfc062723c751e8b465ee728b)
Start importing Assets/Prefabs/prefab3/standard.prefab using Guid(547b24cdaa4599c438785dc8e74ec20d) Importer(815301076,1909f56bfc062723c751e8b465ee728b)  -> (artifact id: '73bdba5569fe35eec2b7b60a7b3db33a') in 0.032255 seconds 
========================================================================
Received Import Request.
  Time since last request: 3.820220 seconds.
  path: Assets/Prefabs/prefab3/standard.prefab
  artifactKey: Guid(547b24cdaa4599c438785dc8e74ec20d) Importer(815301076,1909f56bfc062723c751e8b465ee728b)
Start importing Assets/Prefabs/prefab3/standard.prefab using Guid(547b24cdaa4599c438785dc8e74ec20d) Importer(815301076,1909f56bfc062723c751e8b465ee728b)  -> (artifact id: '99e1d31ad8e7f820234922175db480fc') in 0.033213 seconds 
========================================================================
Received Import Request.
  Time since last request: 4.619468 seconds.
  path: Assets/Prefabs/prefab3/standard.prefab
  artifactKey: Guid(547b24cdaa4599c438785dc8e74ec20d) Importer(815301076,1909f56bfc062723c751e8b465ee728b)
Start importing Assets/Prefabs/prefab3/standard.prefab using Guid(547b24cdaa4599c438785dc8e74ec20d) Importer(815301076,1909f56bfc062723c751e8b465ee728b)  -> (artifact id: 'df153801e70e61050d44650f73e7ffa1') in 0.033216 seconds 
========================================================================
Received Import Request.
  Time since last request: 4.022052 seconds.
  path: Assets/Prefabs/prefab3/standard.prefab
  artifactKey: Guid(547b24cdaa4599c438785dc8e74ec20d) Importer(815301076,1909f56bfc062723c751e8b465ee728b)
Start importing Assets/Prefabs/prefab3/standard.prefab using Guid(547b24cdaa4599c438785dc8e74ec20d) Importer(815301076,1909f56bfc062723c751e8b465ee728b)  -> (artifact id: '24d89305e65055ac8a86c0bc72a309ad') in 0.034131 seconds 
========================================================================
Received Import Request.
  Time since last request: 4.411890 seconds.
  path: Assets/Prefabs/prefab3/standard.prefab
  artifactKey: Guid(547b24cdaa4599c438785dc8e74ec20d) Importer(815301076,1909f56bfc062723c751e8b465ee728b)
Start importing Assets/Prefabs/prefab3/standard.prefab using Guid(547b24cdaa4599c438785dc8e74ec20d) Importer(815301076,1909f56bfc062723c751e8b465ee728b)  -> (artifact id: '5904a15255d5f27e9f2b72b153c2dbad') in 0.034072 seconds 
========================================================================
Received Import Request.
  Time since last request: 6.057156 seconds.
  path: Assets/Prefabs/prefab3/standard.prefab
  artifactKey: Guid(547b24cdaa4599c438785dc8e74ec20d) Importer(815301076,1909f56bfc062723c751e8b465ee728b)
Start importing Assets/Prefabs/prefab3/standard.prefab using Guid(547b24cdaa4599c438785dc8e74ec20d) Importer(815301076,1909f56bfc062723c751e8b465ee728b)  -> (artifact id: 'b1924f204102795077e0e57cce36ae05') in 0.037024 seconds 
========================================================================
Received Import Request.
  Time since last request: 3.234773 seconds.
  path: Assets/Prefabs/prefab3/standard.prefab
  artifactKey: Guid(547b24cdaa4599c438785dc8e74ec20d) Importer(815301076,1909f56bfc062723c751e8b465ee728b)
Start importing Assets/Prefabs/prefab3/standard.prefab using Guid(547b24cdaa4599c438785dc8e74ec20d) Importer(815301076,1909f56bfc062723c751e8b465ee728b)  -> (artifact id: '2ea88fa1cf88e2be5175af8d19335019') in 0.032194 seconds 
========================================================================
Received Import Request.
  Time since last request: 13.736366 seconds.
  path: Assets/Prefabs/prefab3/standard.prefab
  artifactKey: Guid(547b24cdaa4599c438785dc8e74ec20d) Importer(815301076,1909f56bfc062723c751e8b465ee728b)
Start importing Assets/Prefabs/prefab3/standard.prefab using Guid(547b24cdaa4599c438785dc8e74ec20d) Importer(815301076,1909f56bfc062723c751e8b465ee728b)  -> (artifact id: '3b588b38e2e2f2349266c98170f7994e') in 0.038523 seconds 
========================================================================
Received Import Request.
  Time since last request: 4.655330 seconds.
  path: Assets/Prefabs/prefab3/standard.prefab
  artifactKey: Guid(547b24cdaa4599c438785dc8e74ec20d) Importer(815301076,1909f56bfc062723c751e8b465ee728b)
Start importing Assets/Prefabs/prefab3/standard.prefab using Guid(547b24cdaa4599c438785dc8e74ec20d) Importer(815301076,1909f56bfc062723c751e8b465ee728b)  -> (artifact id: '1b0ba98d7b96f8d2027b8834f7e12995') in 0.035910 seconds 
========================================================================
Received Import Request.
  Time since last request: 4.235544 seconds.
  path: Assets/Prefabs/prefab3/standard.prefab
  artifactKey: Guid(547b24cdaa4599c438785dc8e74ec20d) Importer(815301076,1909f56bfc062723c751e8b465ee728b)
Start importing Assets/Prefabs/prefab3/standard.prefab using Guid(547b24cdaa4599c438785dc8e74ec20d) Importer(815301076,1909f56bfc062723c751e8b465ee728b)  -> (artifact id: 'ebe5bd242fcd23ae9c24f2f85c693f50') in 0.035031 seconds 
========================================================================
Received Import Request.
  Time since last request: 1.045516 seconds.
  path: Assets/Prefabs/prefab3/standard.prefab
  artifactKey: Guid(547b24cdaa4599c438785dc8e74ec20d) Importer(815301076,1909f56bfc062723c751e8b465ee728b)
Start importing Assets/Prefabs/prefab3/standard.prefab using Guid(547b24cdaa4599c438785dc8e74ec20d) Importer(815301076,1909f56bfc062723c751e8b465ee728b)  -> (artifact id: '060dcbc8d018efcbd2c78e1a422c00a9') in 0.038088 seconds 
========================================================================
Received Import Request.
  Time since last request: 2.635337 seconds.
  path: Assets/Prefabs/prefab3/standard.prefab
  artifactKey: Guid(547b24cdaa4599c438785dc8e74ec20d) Importer(815301076,1909f56bfc062723c751e8b465ee728b)
Start importing Assets/Prefabs/prefab3/standard.prefab using Guid(547b24cdaa4599c438785dc8e74ec20d) Importer(815301076,1909f56bfc062723c751e8b465ee728b)  -> (artifact id: 'ea4ae48cf2ede057fdd32e3da85a5379') in 0.048917 seconds 
========================================================================
Received Import Request.
  Time since last request: 5.829733 seconds.
  path: Assets/Prefabs/prefab3/standard.prefab
  artifactKey: Guid(547b24cdaa4599c438785dc8e74ec20d) Importer(815301076,1909f56bfc062723c751e8b465ee728b)
Start importing Assets/Prefabs/prefab3/standard.prefab using Guid(547b24cdaa4599c438785dc8e74ec20d) Importer(815301076,1909f56bfc062723c751e8b465ee728b)  -> (artifact id: '2c47a7dd61e559ea99127c9bc75f0ed3') in 0.035103 seconds 
========================================================================
Received Import Request.
  Time since last request: 2.012130 seconds.
  path: Assets/Prefabs/prefab3/standard.prefab
  artifactKey: Guid(547b24cdaa4599c438785dc8e74ec20d) Importer(815301076,1909f56bfc062723c751e8b465ee728b)
Start importing Assets/Prefabs/prefab3/standard.prefab using Guid(547b24cdaa4599c438785dc8e74ec20d) Importer(815301076,1909f56bfc062723c751e8b465ee728b)  -> (artifact id: 'de390c59641d8311bce85da1c41ac37f') in 0.054311 seconds 
========================================================================
Received Import Request.
  Time since last request: 2.005653 seconds.
  path: Assets/Prefabs/prefab3/standard.prefab
  artifactKey: Guid(547b24cdaa4599c438785dc8e74ec20d) Importer(815301076,1909f56bfc062723c751e8b465ee728b)
Start importing Assets/Prefabs/prefab3/standard.prefab using Guid(547b24cdaa4599c438785dc8e74ec20d) Importer(815301076,1909f56bfc062723c751e8b465ee728b)  -> (artifact id: 'b3324a118c2570236ca466d7b8040c94') in 0.045591 seconds 
========================================================================
Received Import Request.
  Time since last request: 2.825801 seconds.
  path: Assets/Prefabs/prefab3/standard.prefab
  artifactKey: Guid(547b24cdaa4599c438785dc8e74ec20d) Importer(815301076,1909f56bfc062723c751e8b465ee728b)
Start importing Assets/Prefabs/prefab3/standard.prefab using Guid(547b24cdaa4599c438785dc8e74ec20d) Importer(815301076,1909f56bfc062723c751e8b465ee728b)  -> (artifact id: 'c2e5fc99fe9db5579fcffc768c376fe2') in 0.038373 seconds 
========================================================================
Received Import Request.
  Time since last request: 2.853647 seconds.
  path: Assets/Prefabs/prefab3/standard.prefab
  artifactKey: Guid(547b24cdaa4599c438785dc8e74ec20d) Importer(815301076,1909f56bfc062723c751e8b465ee728b)
Start importing Assets/Prefabs/prefab3/standard.prefab using Guid(547b24cdaa4599c438785dc8e74ec20d) Importer(815301076,1909f56bfc062723c751e8b465ee728b)  -> (artifact id: '6f4cfc30f8d1077542705c564a97587d') in 0.047246 seconds 
========================================================================
Received Import Request.
  Time since last request: 2.231098 seconds.
  path: Assets/Prefabs/prefab3/standard.prefab
  artifactKey: Guid(547b24cdaa4599c438785dc8e74ec20d) Importer(815301076,1909f56bfc062723c751e8b465ee728b)
Start importing Assets/Prefabs/prefab3/standard.prefab using Guid(547b24cdaa4599c438785dc8e74ec20d) Importer(815301076,1909f56bfc062723c751e8b465ee728b)  -> (artifact id: '3fe10dc58d9fe967f1f564051334e5bd') in 0.048303 seconds 
========================================================================
Received Import Request.
  Time since last request: 2.236002 seconds.
  path: Assets/Prefabs/prefab3/standard.prefab
  artifactKey: Guid(547b24cdaa4599c438785dc8e74ec20d) Importer(815301076,1909f56bfc062723c751e8b465ee728b)
Start importing Assets/Prefabs/prefab3/standard.prefab using Guid(547b24cdaa4599c438785dc8e74ec20d) Importer(815301076,1909f56bfc062723c751e8b465ee728b)  -> (artifact id: 'b276f19db45d1f16974c6a8215d0016f') in 0.053676 seconds 
========================================================================
Received Import Request.
  Time since last request: 3.252626 seconds.
  path: Assets/Prefabs/prefab3/standard.prefab
  artifactKey: Guid(547b24cdaa4599c438785dc8e74ec20d) Importer(815301076,1909f56bfc062723c751e8b465ee728b)
Start importing Assets/Prefabs/prefab3/standard.prefab using Guid(547b24cdaa4599c438785dc8e74ec20d) Importer(815301076,1909f56bfc062723c751e8b465ee728b)  -> (artifact id: '0ea7409b68c285971c7b74958c76d9c2') in 0.054722 seconds 
========================================================================
Received Import Request.
  Time since last request: 1.608491 seconds.
  path: Assets/Prefabs/prefab3/standard.prefab
  artifactKey: Guid(547b24cdaa4599c438785dc8e74ec20d) Importer(815301076,1909f56bfc062723c751e8b465ee728b)
Start importing Assets/Prefabs/prefab3/standard.prefab using Guid(547b24cdaa4599c438785dc8e74ec20d) Importer(815301076,1909f56bfc062723c751e8b465ee728b)  -> (artifact id: '08a4d71652d2b3a1bd4accff15ccd0f7') in 0.047636 seconds 
========================================================================
Received Import Request.
  Time since last request: 3.687491 seconds.
  path: Assets/Prefabs/prefab3/standard.prefab
  artifactKey: Guid(547b24cdaa4599c438785dc8e74ec20d) Importer(815301076,1909f56bfc062723c751e8b465ee728b)
Start importing Assets/Prefabs/prefab3/standard.prefab using Guid(547b24cdaa4599c438785dc8e74ec20d) Importer(815301076,1909f56bfc062723c751e8b465ee728b)  -> (artifact id: 'a36c23c36d763d4ada450ee2580b8d46') in 0.058308 seconds 
========================================================================
Received Import Request.
  Time since last request: 2.844836 seconds.
  path: Assets/Prefabs/prefab3/standard.prefab
  artifactKey: Guid(547b24cdaa4599c438785dc8e74ec20d) Importer(815301076,1909f56bfc062723c751e8b465ee728b)
Start importing Assets/Prefabs/prefab3/standard.prefab using Guid(547b24cdaa4599c438785dc8e74ec20d) Importer(815301076,1909f56bfc062723c751e8b465ee728b)  -> (artifact id: 'f5a671537a811d9764165e8a5ad8c260') in 0.054233 seconds 
========================================================================
Received Import Request.
  Time since last request: 2.622774 seconds.
  path: Assets/Prefabs/prefab3/standard.prefab
  artifactKey: Guid(547b24cdaa4599c438785dc8e74ec20d) Importer(815301076,1909f56bfc062723c751e8b465ee728b)
Start importing Assets/Prefabs/prefab3/standard.prefab using Guid(547b24cdaa4599c438785dc8e74ec20d) Importer(815301076,1909f56bfc062723c751e8b465ee728b)  -> (artifact id: '23cd6883a603d7496233bf9a2cce7a56') in 0.052239 seconds 
========================================================================
Received Import Request.
  Time since last request: 1.837413 seconds.
  path: Assets/Prefabs/prefab3/standard.prefab
  artifactKey: Guid(547b24cdaa4599c438785dc8e74ec20d) Importer(815301076,1909f56bfc062723c751e8b465ee728b)
Start importing Assets/Prefabs/prefab3/standard.prefab using Guid(547b24cdaa4599c438785dc8e74ec20d) Importer(815301076,1909f56bfc062723c751e8b465ee728b)  -> (artifact id: '4c260e7ce12de054289d4307de156c3d') in 0.052666 seconds 
========================================================================
Received Import Request.
  Time since last request: 4.462485 seconds.
  path: Assets/Prefabs/prefab3/standard.prefab
  artifactKey: Guid(547b24cdaa4599c438785dc8e74ec20d) Importer(815301076,1909f56bfc062723c751e8b465ee728b)
Start importing Assets/Prefabs/prefab3/standard.prefab using Guid(547b24cdaa4599c438785dc8e74ec20d) Importer(815301076,1909f56bfc062723c751e8b465ee728b)  -> (artifact id: '6ea3020004646a4815604c91742bb02d') in 0.052190 seconds 
========================================================================
Received Import Request.
  Time since last request: 4.484379 seconds.
  path: Assets/Prefabs/prefab3/standard.prefab
  artifactKey: Guid(547b24cdaa4599c438785dc8e74ec20d) Importer(815301076,1909f56bfc062723c751e8b465ee728b)
Start importing Assets/Prefabs/prefab3/standard.prefab using Guid(547b24cdaa4599c438785dc8e74ec20d) Importer(815301076,1909f56bfc062723c751e8b465ee728b)  -> (artifact id: '340507b5dc4e0505373c7b171fafe43c') in 0.059967 seconds 
========================================================================
Received Import Request.
  Time since last request: 6.477212 seconds.
  path: Assets/Prefabs/prefab3/standard.prefab
  artifactKey: Guid(547b24cdaa4599c438785dc8e74ec20d) Importer(815301076,1909f56bfc062723c751e8b465ee728b)
Start importing Assets/Prefabs/prefab3/standard.prefab using Guid(547b24cdaa4599c438785dc8e74ec20d) Importer(815301076,1909f56bfc062723c751e8b465ee728b)  -> (artifact id: '0da3fd5fdb116b1bf7e6811fb1b83292') in 0.047930 seconds 
========================================================================
Received Import Request.
  Time since last request: 6.152335 seconds.
  path: Assets/Prefabs/prefab3/standard.prefab
  artifactKey: Guid(547b24cdaa4599c438785dc8e74ec20d) Importer(815301076,1909f56bfc062723c751e8b465ee728b)
Start importing Assets/Prefabs/prefab3/standard.prefab using Guid(547b24cdaa4599c438785dc8e74ec20d) Importer(815301076,1909f56bfc062723c751e8b465ee728b)  -> (artifact id: '6d325adc67953186c57e2c3705608b05') in 0.051022 seconds 
========================================================================
Received Import Request.
  Time since last request: 7.946891 seconds.
  path: Assets/Prefabs/prefab3/standard.prefab
  artifactKey: Guid(547b24cdaa4599c438785dc8e74ec20d) Importer(815301076,1909f56bfc062723c751e8b465ee728b)
Start importing Assets/Prefabs/prefab3/standard.prefab using Guid(547b24cdaa4599c438785dc8e74ec20d) Importer(815301076,1909f56bfc062723c751e8b465ee728b)  -> (artifact id: 'dbeb71e376b0f45969f023a872f5afae') in 0.057247 seconds 
========================================================================
Received Import Request.
  Time since last request: 4.285770 seconds.
  path: Assets/Prefabs/prefab3/standard.prefab
  artifactKey: Guid(547b24cdaa4599c438785dc8e74ec20d) Importer(815301076,1909f56bfc062723c751e8b465ee728b)
Start importing Assets/Prefabs/prefab3/standard.prefab using Guid(547b24cdaa4599c438785dc8e74ec20d) Importer(815301076,1909f56bfc062723c751e8b465ee728b)  -> (artifact id: 'f4a2380fa48abdce26aae1080ab95e1e') in 0.054727 seconds 
========================================================================
Received Import Request.
  Time since last request: 4.104024 seconds.
  path: Assets/Prefabs/prefab3/standard.prefab
  artifactKey: Guid(547b24cdaa4599c438785dc8e74ec20d) Importer(815301076,1909f56bfc062723c751e8b465ee728b)
Start importing Assets/Prefabs/prefab3/standard.prefab using Guid(547b24cdaa4599c438785dc8e74ec20d) Importer(815301076,1909f56bfc062723c751e8b465ee728b)  -> (artifact id: 'ee3a86f8f6bff8beb11f5dc9a61ec99d') in 0.058404 seconds 
========================================================================
Received Import Request.
  Time since last request: 2.065647 seconds.
  path: Assets/Prefabs/prefab3/standard.prefab
  artifactKey: Guid(547b24cdaa4599c438785dc8e74ec20d) Importer(815301076,1909f56bfc062723c751e8b465ee728b)
Start importing Assets/Prefabs/prefab3/standard.prefab using Guid(547b24cdaa4599c438785dc8e74ec20d) Importer(815301076,1909f56bfc062723c751e8b465ee728b)  -> (artifact id: 'b650c1489b811d6df7ddab1ce2867f7d') in 0.056736 seconds 
========================================================================
Received Import Request.
  Time since last request: 2.686787 seconds.
  path: Assets/Prefabs/prefab3/standard.prefab
  artifactKey: Guid(547b24cdaa4599c438785dc8e74ec20d) Importer(815301076,1909f56bfc062723c751e8b465ee728b)
Start importing Assets/Prefabs/prefab3/standard.prefab using Guid(547b24cdaa4599c438785dc8e74ec20d) Importer(815301076,1909f56bfc062723c751e8b465ee728b)  -> (artifact id: 'ae891b76c875966195e473d24b4a7f01') in 0.055588 seconds 
========================================================================
Received Import Request.
  Time since last request: 2.313178 seconds.
  path: Assets/Prefabs/prefab3/standard.prefab
  artifactKey: Guid(547b24cdaa4599c438785dc8e74ec20d) Importer(815301076,1909f56bfc062723c751e8b465ee728b)
Start importing Assets/Prefabs/prefab3/standard.prefab using Guid(547b24cdaa4599c438785dc8e74ec20d) Importer(815301076,1909f56bfc062723c751e8b465ee728b)  -> (artifact id: '21a4e0cc809bfebe422899b85015fc46') in 0.053913 seconds 
========================================================================
Received Import Request.
  Time since last request: 5.403820 seconds.
  path: Assets/Prefabs/prefab3/standard.prefab
  artifactKey: Guid(547b24cdaa4599c438785dc8e74ec20d) Importer(815301076,1909f56bfc062723c751e8b465ee728b)
Start importing Assets/Prefabs/prefab3/standard.prefab using Guid(547b24cdaa4599c438785dc8e74ec20d) Importer(815301076,1909f56bfc062723c751e8b465ee728b)  -> (artifact id: '7cc896d375516a237e3231daa1af1ac0') in 0.056003 seconds 
========================================================================
Received Import Request.
  Time since last request: 9.219692 seconds.
  path: Assets/Prefabs/prefab3/standard.prefab
  artifactKey: Guid(547b24cdaa4599c438785dc8e74ec20d) Importer(815301076,1909f56bfc062723c751e8b465ee728b)
Start importing Assets/Prefabs/prefab3/standard.prefab using Guid(547b24cdaa4599c438785dc8e74ec20d) Importer(815301076,1909f56bfc062723c751e8b465ee728b)  -> (artifact id: '18a93d2b5f8850a9a36cd13ff8393f1b') in 0.053816 seconds 
========================================================================
Received Import Request.
  Time since last request: 3.937507 seconds.
  path: Assets/Prefabs/prefab3/standard.prefab
  artifactKey: Guid(547b24cdaa4599c438785dc8e74ec20d) Importer(815301076,1909f56bfc062723c751e8b465ee728b)
Start importing Assets/Prefabs/prefab3/standard.prefab using Guid(547b24cdaa4599c438785dc8e74ec20d) Importer(815301076,1909f56bfc062723c751e8b465ee728b)  -> (artifact id: 'a7db138e1e9239c5669f5547b7287b9e') in 0.060589 seconds 
========================================================================
Received Import Request.
  Time since last request: 3.330105 seconds.
  path: Assets/Prefabs/prefab3/standard.prefab
  artifactKey: Guid(547b24cdaa4599c438785dc8e74ec20d) Importer(815301076,1909f56bfc062723c751e8b465ee728b)
Start importing Assets/Prefabs/prefab3/standard.prefab using Guid(547b24cdaa4599c438785dc8e74ec20d) Importer(815301076,1909f56bfc062723c751e8b465ee728b)  -> (artifact id: '0d9024cce81e95ec299ee27f7931dbdd') in 0.058387 seconds 
========================================================================
Received Import Request.
  Time since last request: 11.605373 seconds.
  path: Assets/Prefabs/prefab3/standard.prefab
  artifactKey: Guid(547b24cdaa4599c438785dc8e74ec20d) Importer(815301076,1909f56bfc062723c751e8b465ee728b)
Start importing Assets/Prefabs/prefab3/standard.prefab using Guid(547b24cdaa4599c438785dc8e74ec20d) Importer(815301076,1909f56bfc062723c751e8b465ee728b)  -> (artifact id: '1f5e3b27697025f1382d84df2cb007f6') in 0.061394 seconds 
========================================================================
Received Import Request.
  Time since last request: 3.751793 seconds.
  path: Assets/Prefabs/prefab3/standard.prefab
  artifactKey: Guid(547b24cdaa4599c438785dc8e74ec20d) Importer(815301076,1909f56bfc062723c751e8b465ee728b)
Start importing Assets/Prefabs/prefab3/standard.prefab using Guid(547b24cdaa4599c438785dc8e74ec20d) Importer(815301076,1909f56bfc062723c751e8b465ee728b)  -> (artifact id: '9c0e8a6f9fae07f9f1f87d597709fb0e') in 0.054869 seconds 
========================================================================
Received Import Request.
  Time since last request: 2.531737 seconds.
  path: Assets/Prefabs/prefab3/standard.prefab
  artifactKey: Guid(547b24cdaa4599c438785dc8e74ec20d) Importer(815301076,1909f56bfc062723c751e8b465ee728b)
Start importing Assets/Prefabs/prefab3/standard.prefab using Guid(547b24cdaa4599c438785dc8e74ec20d) Importer(815301076,1909f56bfc062723c751e8b465ee728b)  -> (artifact id: 'bf331b416cdfd6da0859649fe382c6f0') in 0.058314 seconds 
========================================================================
Received Import Request.
  Time since last request: 8.814377 seconds.
  path: Assets/Prefabs/prefab3/standard.prefab
  artifactKey: Guid(547b24cdaa4599c438785dc8e74ec20d) Importer(815301076,1909f56bfc062723c751e8b465ee728b)
Start importing Assets/Prefabs/prefab3/standard.prefab using Guid(547b24cdaa4599c438785dc8e74ec20d) Importer(815301076,1909f56bfc062723c751e8b465ee728b)  -> (artifact id: 'fae8aeb69ea475ee2fc97e463acd4303') in 0.058991 seconds 
========================================================================
Received Import Request.
  Time since last request: 2.123361 seconds.
  path: Assets/Prefabs/prefab3/standard.prefab
  artifactKey: Guid(547b24cdaa4599c438785dc8e74ec20d) Importer(815301076,1909f56bfc062723c751e8b465ee728b)
Start importing Assets/Prefabs/prefab3/standard.prefab using Guid(547b24cdaa4599c438785dc8e74ec20d) Importer(815301076,1909f56bfc062723c751e8b465ee728b)  -> (artifact id: '7bbc5051d08100c66c9ff1280e122e8b') in 0.061394 seconds 
========================================================================
Received Import Request.
  Time since last request: 4.161347 seconds.
  path: Assets/Prefabs/prefab3/standard.prefab
  artifactKey: Guid(547b24cdaa4599c438785dc8e74ec20d) Importer(815301076,1909f56bfc062723c751e8b465ee728b)
Start importing Assets/Prefabs/prefab3/standard.prefab using Guid(547b24cdaa4599c438785dc8e74ec20d) Importer(815301076,1909f56bfc062723c751e8b465ee728b)  -> (artifact id: '0c665a58eca5058ab703ad1a4e7b1e1b') in 0.056449 seconds 
========================================================================
Received Import Request.
  Time since last request: 4.368306 seconds.
  path: Assets/Prefabs/prefab3/standard.prefab
  artifactKey: Guid(547b24cdaa4599c438785dc8e74ec20d) Importer(815301076,1909f56bfc062723c751e8b465ee728b)
Start importing Assets/Prefabs/prefab3/standard.prefab using Guid(547b24cdaa4599c438785dc8e74ec20d) Importer(815301076,1909f56bfc062723c751e8b465ee728b)  -> (artifact id: '2e3abaf8a9283b29e2a674cbfa89904c') in 0.058338 seconds 
========================================================================
Received Import Request.
  Time since last request: 3.536990 seconds.
  path: Assets/Prefabs/prefab3/standard.prefab
  artifactKey: Guid(547b24cdaa4599c438785dc8e74ec20d) Importer(815301076,1909f56bfc062723c751e8b465ee728b)
Start importing Assets/Prefabs/prefab3/standard.prefab using Guid(547b24cdaa4599c438785dc8e74ec20d) Importer(815301076,1909f56bfc062723c751e8b465ee728b)  -> (artifact id: '5cf62f785f1bd0d503826f52ece5621c') in 0.058027 seconds 
========================================================================
Received Import Request.
  Time since last request: 3.357751 seconds.
  path: Assets/Prefabs/prefab3/standard.prefab
  artifactKey: Guid(547b24cdaa4599c438785dc8e74ec20d) Importer(815301076,1909f56bfc062723c751e8b465ee728b)
Start importing Assets/Prefabs/prefab3/standard.prefab using Guid(547b24cdaa4599c438785dc8e74ec20d) Importer(815301076,1909f56bfc062723c751e8b465ee728b)  -> (artifact id: '7ff42431ac9f5efe56355a58e4fc45b5') in 0.056470 seconds 
========================================================================
Received Import Request.
  Time since last request: 6.810346 seconds.
  path: Assets/Prefabs/prefab3/standard.prefab
  artifactKey: Guid(547b24cdaa4599c438785dc8e74ec20d) Importer(815301076,1909f56bfc062723c751e8b465ee728b)
Start importing Assets/Prefabs/prefab3/standard.prefab using Guid(547b24cdaa4599c438785dc8e74ec20d) Importer(815301076,1909f56bfc062723c751e8b465ee728b)  -> (artifact id: 'adc033d543b46f8737899cabc040b203') in 0.060526 seconds 
========================================================================
Received Import Request.
  Time since last request: 4.757484 seconds.
  path: Assets/Prefabs/prefab3/standard.prefab
  artifactKey: Guid(547b24cdaa4599c438785dc8e74ec20d) Importer(815301076,1909f56bfc062723c751e8b465ee728b)
Start importing Assets/Prefabs/prefab3/standard.prefab using Guid(547b24cdaa4599c438785dc8e74ec20d) Importer(815301076,1909f56bfc062723c751e8b465ee728b)  -> (artifact id: 'cc3a3fa1a4dd5d4f77ec8f0afa882b41') in 0.058933 seconds 
========================================================================
Received Import Request.
  Time since last request: 3.954839 seconds.
  path: Assets/Prefabs/prefab3/standard.prefab
  artifactKey: Guid(547b24cdaa4599c438785dc8e74ec20d) Importer(815301076,1909f56bfc062723c751e8b465ee728b)
Start importing Assets/Prefabs/prefab3/standard.prefab using Guid(547b24cdaa4599c438785dc8e74ec20d) Importer(815301076,1909f56bfc062723c751e8b465ee728b)  -> (artifact id: '753ffa95c940aa54d6f2cf47da9f93f2') in 0.059592 seconds 
========================================================================
Received Import Request.
  Time since last request: 2.953266 seconds.
  path: Assets/Prefabs/prefab3/standard.prefab
  artifactKey: Guid(547b24cdaa4599c438785dc8e74ec20d) Importer(815301076,1909f56bfc062723c751e8b465ee728b)
Start importing Assets/Prefabs/prefab3/standard.prefab using Guid(547b24cdaa4599c438785dc8e74ec20d) Importer(815301076,1909f56bfc062723c751e8b465ee728b)  -> (artifact id: '756b2516012ce63a84c6a736ae9ec7a9') in 0.059472 seconds 
========================================================================
Received Import Request.
  Time since last request: 1.515739 seconds.
  path: Assets/Prefabs/prefab3/standard.prefab
  artifactKey: Guid(547b24cdaa4599c438785dc8e74ec20d) Importer(815301076,1909f56bfc062723c751e8b465ee728b)
Start importing Assets/Prefabs/prefab3/standard.prefab using Guid(547b24cdaa4599c438785dc8e74ec20d) Importer(815301076,1909f56bfc062723c751e8b465ee728b)  -> (artifact id: '419ae27c28bd4a02c9264a39135c600a') in 0.056622 seconds 
========================================================================
Received Import Request.
  Time since last request: 2.371638 seconds.
  path: Assets/Prefabs/prefab3/standard.prefab
  artifactKey: Guid(547b24cdaa4599c438785dc8e74ec20d) Importer(815301076,1909f56bfc062723c751e8b465ee728b)
Start importing Assets/Prefabs/prefab3/standard.prefab using Guid(547b24cdaa4599c438785dc8e74ec20d) Importer(815301076,1909f56bfc062723c751e8b465ee728b)  -> (artifact id: '12fbf8659d51953cb41ffbf2d7e4cbef') in 0.064030 seconds 
========================================================================
Received Import Request.
  Time since last request: 2.344966 seconds.
  path: Assets/Prefabs/prefab3/standard.prefab
  artifactKey: Guid(547b24cdaa4599c438785dc8e74ec20d) Importer(815301076,1909f56bfc062723c751e8b465ee728b)
Start importing Assets/Prefabs/prefab3/standard.prefab using Guid(547b24cdaa4599c438785dc8e74ec20d) Importer(815301076,1909f56bfc062723c751e8b465ee728b)  -> (artifact id: '61bbbf060b651b0805655192e809f362') in 0.058822 seconds 
========================================================================
Received Import Request.
  Time since last request: 3.408357 seconds.
  path: Assets/Prefabs/prefab3/standard.prefab
  artifactKey: Guid(547b24cdaa4599c438785dc8e74ec20d) Importer(815301076,1909f56bfc062723c751e8b465ee728b)
Start importing Assets/Prefabs/prefab3/standard.prefab using Guid(547b24cdaa4599c438785dc8e74ec20d) Importer(815301076,1909f56bfc062723c751e8b465ee728b)  -> (artifact id: 'e832a4193ec6d12bfda607a7cca7634f') in 0.066105 seconds 
========================================================================
Received Import Request.
  Time since last request: 2.941712 seconds.
  path: Assets/Prefabs/prefab3/standard.prefab
  artifactKey: Guid(547b24cdaa4599c438785dc8e74ec20d) Importer(815301076,1909f56bfc062723c751e8b465ee728b)
Start importing Assets/Prefabs/prefab3/standard.prefab using Guid(547b24cdaa4599c438785dc8e74ec20d) Importer(815301076,1909f56bfc062723c751e8b465ee728b)  -> (artifact id: 'ff460bf901d4b74af200902d44b3c089') in 0.061820 seconds 
========================================================================
Received Import Request.
  Time since last request: 6.019303 seconds.
  path: Assets/Prefabs/prefab3/standard.prefab
  artifactKey: Guid(547b24cdaa4599c438785dc8e74ec20d) Importer(815301076,1909f56bfc062723c751e8b465ee728b)
Start importing Assets/Prefabs/prefab3/standard.prefab using Guid(547b24cdaa4599c438785dc8e74ec20d) Importer(815301076,1909f56bfc062723c751e8b465ee728b)  -> (artifact id: '52d6d246c76659d8caf2d6d72d3f2a98') in 0.060653 seconds 
========================================================================
Received Import Request.
  Time since last request: 3.188957 seconds.
  path: Assets/Prefabs/prefab3/standard.prefab
  artifactKey: Guid(547b24cdaa4599c438785dc8e74ec20d) Importer(815301076,1909f56bfc062723c751e8b465ee728b)
Start importing Assets/Prefabs/prefab3/standard.prefab using Guid(547b24cdaa4599c438785dc8e74ec20d) Importer(815301076,1909f56bfc062723c751e8b465ee728b)  -> (artifact id: '4cc4ed3499af027798cc8409c238e3f7') in 0.063309 seconds 
========================================================================
Received Import Request.
  Time since last request: 3.577573 seconds.
  path: Assets/Prefabs/prefab3/standard.prefab
  artifactKey: Guid(547b24cdaa4599c438785dc8e74ec20d) Importer(815301076,1909f56bfc062723c751e8b465ee728b)
Start importing Assets/Prefabs/prefab3/standard.prefab using Guid(547b24cdaa4599c438785dc8e74ec20d) Importer(815301076,1909f56bfc062723c751e8b465ee728b)  -> (artifact id: '7c8a04269d7717935c9ec4088e24cf24') in 0.066125 seconds 
========================================================================
Received Import Request.
  Time since last request: 4.640978 seconds.
  path: Assets/Prefabs/prefab3/standard.prefab
  artifactKey: Guid(547b24cdaa4599c438785dc8e74ec20d) Importer(815301076,1909f56bfc062723c751e8b465ee728b)
Start importing Assets/Prefabs/prefab3/standard.prefab using Guid(547b24cdaa4599c438785dc8e74ec20d) Importer(815301076,1909f56bfc062723c751e8b465ee728b)  -> (artifact id: '36305f893e3aaa09012b8e9f364fd42a') in 0.061839 seconds 
========================================================================
Received Import Request.
  Time since last request: 4.022214 seconds.
  path: Assets/Prefabs/prefab3/standard.prefab
  artifactKey: Guid(547b24cdaa4599c438785dc8e74ec20d) Importer(815301076,1909f56bfc062723c751e8b465ee728b)
Start importing Assets/Prefabs/prefab3/standard.prefab using Guid(547b24cdaa4599c438785dc8e74ec20d) Importer(815301076,1909f56bfc062723c751e8b465ee728b)  -> (artifact id: 'e366d5976b8e70e34720823e76efe6e3') in 0.064091 seconds 
========================================================================
Received Import Request.
  Time since last request: 10.160642 seconds.
  path: Assets/Prefabs/prefab3/standard.prefab
  artifactKey: Guid(547b24cdaa4599c438785dc8e74ec20d) Importer(815301076,1909f56bfc062723c751e8b465ee728b)
Start importing Assets/Prefabs/prefab3/standard.prefab using Guid(547b24cdaa4599c438785dc8e74ec20d) Importer(815301076,1909f56bfc062723c751e8b465ee728b)  -> (artifact id: '8c58af8a412a8867707d0b3522c389fb') in 0.074329 seconds 
========================================================================
Received Import Request.
  Time since last request: 3.243202 seconds.
  path: Assets/Prefabs/prefab3/standard.prefab
  artifactKey: Guid(547b24cdaa4599c438785dc8e74ec20d) Importer(815301076,1909f56bfc062723c751e8b465ee728b)
Start importing Assets/Prefabs/prefab3/standard.prefab using Guid(547b24cdaa4599c438785dc8e74ec20d) Importer(815301076,1909f56bfc062723c751e8b465ee728b)  -> (artifact id: 'a7cc79251efab1868b95c2451a8e5365') in 0.082384 seconds 
========================================================================
Received Import Request.
  Time since last request: 4.508144 seconds.
  path: Assets/Prefabs/prefab3/standard.prefab
  artifactKey: Guid(547b24cdaa4599c438785dc8e74ec20d) Importer(815301076,1909f56bfc062723c751e8b465ee728b)
Start importing Assets/Prefabs/prefab3/standard.prefab using Guid(547b24cdaa4599c438785dc8e74ec20d) Importer(815301076,1909f56bfc062723c751e8b465ee728b)  -> (artifact id: 'da44432110d531078fafa84097d4e6d5') in 0.079083 seconds 
========================================================================
Received Import Request.
  Time since last request: 5.882147 seconds.
  path: Assets/Prefabs/prefab3/standard.prefab
  artifactKey: Guid(547b24cdaa4599c438785dc8e74ec20d) Importer(815301076,1909f56bfc062723c751e8b465ee728b)
Start importing Assets/Prefabs/prefab3/standard.prefab using Guid(547b24cdaa4599c438785dc8e74ec20d) Importer(815301076,1909f56bfc062723c751e8b465ee728b)  -> (artifact id: 'aaedc85940753b36ba510feac3b3a358') in 0.072114 seconds 
========================================================================
Received Import Request.
  Time since last request: 3.212434 seconds.
  path: Assets/Prefabs/prefab3/standard.prefab
  artifactKey: Guid(547b24cdaa4599c438785dc8e74ec20d) Importer(815301076,1909f56bfc062723c751e8b465ee728b)
Start importing Assets/Prefabs/prefab3/standard.prefab using Guid(547b24cdaa4599c438785dc8e74ec20d) Importer(815301076,1909f56bfc062723c751e8b465ee728b)  -> (artifact id: '2293ddd1ffa326a57cd0507aec5f80a6') in 0.069790 seconds 
========================================================================
Received Import Request.
  Time since last request: 1.594897 seconds.
  path: Assets/Prefabs/prefab3/standard.prefab
  artifactKey: Guid(547b24cdaa4599c438785dc8e74ec20d) Importer(815301076,1909f56bfc062723c751e8b465ee728b)
Start importing Assets/Prefabs/prefab3/standard.prefab using Guid(547b24cdaa4599c438785dc8e74ec20d) Importer(815301076,1909f56bfc062723c751e8b465ee728b)  -> (artifact id: '16385fcdc7e811cfee48a446b746c95a') in 0.072144 seconds 
========================================================================
Received Import Request.
  Time since last request: 6.553947 seconds.
  path: Assets/Prefabs/prefab3/standard.prefab
  artifactKey: Guid(547b24cdaa4599c438785dc8e74ec20d) Importer(815301076,1909f56bfc062723c751e8b465ee728b)
Start importing Assets/Prefabs/prefab3/standard.prefab using Guid(547b24cdaa4599c438785dc8e74ec20d) Importer(815301076,1909f56bfc062723c751e8b465ee728b)  -> (artifact id: 'dc9ebcdbd8e279f771ae5788726675cb') in 0.074539 seconds 
========================================================================
Received Import Request.
  Time since last request: 6.886861 seconds.
  path: Assets/Prefabs/prefab3/standard.prefab
  artifactKey: Guid(547b24cdaa4599c438785dc8e74ec20d) Importer(815301076,1909f56bfc062723c751e8b465ee728b)
Start importing Assets/Prefabs/prefab3/standard.prefab using Guid(547b24cdaa4599c438785dc8e74ec20d) Importer(815301076,1909f56bfc062723c751e8b465ee728b)  -> (artifact id: 'd388ddcdb7b375e91c08f8991d1f23de') in 0.070147 seconds 
========================================================================
Received Import Request.
  Time since last request: 2.823087 seconds.
  path: Assets/Prefabs/prefab3/standard.prefab
  artifactKey: Guid(547b24cdaa4599c438785dc8e74ec20d) Importer(815301076,1909f56bfc062723c751e8b465ee728b)
Start importing Assets/Prefabs/prefab3/standard.prefab using Guid(547b24cdaa4599c438785dc8e74ec20d) Importer(815301076,1909f56bfc062723c751e8b465ee728b)  -> (artifact id: 'cb4605af07a7be1138c8804d9bc0c16c') in 0.075669 seconds 
========================================================================
Received Import Request.
  Time since last request: 13.630361 seconds.
  path: Assets/Prefabs/prefab3/standard.prefab
  artifactKey: Guid(547b24cdaa4599c438785dc8e74ec20d) Importer(815301076,1909f56bfc062723c751e8b465ee728b)
Start importing Assets/Prefabs/prefab3/standard.prefab using Guid(547b24cdaa4599c438785dc8e74ec20d) Importer(815301076,1909f56bfc062723c751e8b465ee728b)  -> (artifact id: 'b6d860ac4e54cae0a155a5870a1ff87c') in 0.076037 seconds 
========================================================================
Received Import Request.
  Time since last request: 6.584175 seconds.
  path: Assets/Prefabs/prefab3/standard.prefab
  artifactKey: Guid(547b24cdaa4599c438785dc8e74ec20d) Importer(815301076,1909f56bfc062723c751e8b465ee728b)
Start importing Assets/Prefabs/prefab3/standard.prefab using Guid(547b24cdaa4599c438785dc8e74ec20d) Importer(815301076,1909f56bfc062723c751e8b465ee728b)  -> (artifact id: '8a09f21ca9a3ac2b11af019731231166') in 0.078716 seconds 
========================================================================
Received Import Request.
  Time since last request: 5.137903 seconds.
  path: Assets/Prefabs/prefab3/standard.prefab
  artifactKey: Guid(547b24cdaa4599c438785dc8e74ec20d) Importer(815301076,1909f56bfc062723c751e8b465ee728b)
Start importing Assets/Prefabs/prefab3/standard.prefab using Guid(547b24cdaa4599c438785dc8e74ec20d) Importer(815301076,1909f56bfc062723c751e8b465ee728b)  -> (artifact id: '04dc0bea856e97db36a567b8f8c4fc00') in 0.081004 seconds 
========================================================================
Received Import Request.
  Time since last request: 9.838583 seconds.
  path: Assets/Prefabs/prefab3/standard.prefab
  artifactKey: Guid(547b24cdaa4599c438785dc8e74ec20d) Importer(815301076,1909f56bfc062723c751e8b465ee728b)
Start importing Assets/Prefabs/prefab3/standard.prefab using Guid(547b24cdaa4599c438785dc8e74ec20d) Importer(815301076,1909f56bfc062723c751e8b465ee728b)  -> (artifact id: '45c6b3ff86b1ad504e6c2a890cc68e38') in 0.082920 seconds 
========================================================================
Received Import Request.
  Time since last request: 7.092303 seconds.
  path: Assets/Prefabs/prefab3/standard.prefab
  artifactKey: Guid(547b24cdaa4599c438785dc8e74ec20d) Importer(815301076,1909f56bfc062723c751e8b465ee728b)
Start importing Assets/Prefabs/prefab3/standard.prefab using Guid(547b24cdaa4599c438785dc8e74ec20d) Importer(815301076,1909f56bfc062723c751e8b465ee728b)  -> (artifact id: '404cbcaa8676422a62eaddd6df7d43e6') in 0.093010 seconds 
========================================================================
Received Import Request.
  Time since last request: 6.913293 seconds.
  path: Assets/Prefabs/prefab3/standard.prefab
  artifactKey: Guid(547b24cdaa4599c438785dc8e74ec20d) Importer(815301076,1909f56bfc062723c751e8b465ee728b)
Start importing Assets/Prefabs/prefab3/standard.prefab using Guid(547b24cdaa4599c438785dc8e74ec20d) Importer(815301076,1909f56bfc062723c751e8b465ee728b)  -> (artifact id: '6904e6dc901a8b5f88d195be52c1b4fb') in 0.106241 seconds 
========================================================================
Received Import Request.
  Time since last request: 3.599628 seconds.
  path: Assets/Prefabs/prefab3/standard.prefab
  artifactKey: Guid(547b24cdaa4599c438785dc8e74ec20d) Importer(815301076,1909f56bfc062723c751e8b465ee728b)
Start importing Assets/Prefabs/prefab3/standard.prefab using Guid(547b24cdaa4599c438785dc8e74ec20d) Importer(815301076,1909f56bfc062723c751e8b465ee728b)  -> (artifact id: 'ab1f330c5b820ad4adff1b86d014096c') in 0.095520 seconds 
========================================================================
Received Import Request.
  Time since last request: 5.641468 seconds.
  path: Assets/Prefabs/prefab3/standard.prefab
  artifactKey: Guid(547b24cdaa4599c438785dc8e74ec20d) Importer(815301076,1909f56bfc062723c751e8b465ee728b)
Start importing Assets/Prefabs/prefab3/standard.prefab using Guid(547b24cdaa4599c438785dc8e74ec20d) Importer(815301076,1909f56bfc062723c751e8b465ee728b)  -> (artifact id: '595af44f8e45ebbc70b72ace6f9fe461') in 0.111254 seconds 
========================================================================
Received Import Request.
  Time since last request: 4.237295 seconds.
  path: Assets/Prefabs/prefab3/standard.prefab
  artifactKey: Guid(547b24cdaa4599c438785dc8e74ec20d) Importer(815301076,1909f56bfc062723c751e8b465ee728b)
Start importing Assets/Prefabs/prefab3/standard.prefab using Guid(547b24cdaa4599c438785dc8e74ec20d) Importer(815301076,1909f56bfc062723c751e8b465ee728b)  -> (artifact id: 'f9d0d37e4ea3f6a2fb7bc0a193322580') in 0.106404 seconds 
========================================================================
Received Import Request.
  Time since last request: 5.833630 seconds.
  path: Assets/Prefabs/prefab3/standard.prefab
  artifactKey: Guid(547b24cdaa4599c438785dc8e74ec20d) Importer(815301076,1909f56bfc062723c751e8b465ee728b)
Start importing Assets/Prefabs/prefab3/standard.prefab using Guid(547b24cdaa4599c438785dc8e74ec20d) Importer(815301076,1909f56bfc062723c751e8b465ee728b)  -> (artifact id: '7996ad6ac9cf484e512f3c47822488be') in 0.103217 seconds 
========================================================================
Received Import Request.
  Time since last request: 7.220211 seconds.
  path: Assets/Prefabs/prefab3/standard.prefab
  artifactKey: Guid(547b24cdaa4599c438785dc8e74ec20d) Importer(815301076,1909f56bfc062723c751e8b465ee728b)
Start importing Assets/Prefabs/prefab3/standard.prefab using Guid(547b24cdaa4599c438785dc8e74ec20d) Importer(815301076,1909f56bfc062723c751e8b465ee728b)  -> (artifact id: 'c70ba81ae8c04b5752be3b18e5a15dec') in 0.117556 seconds 
========================================================================
Received Import Request.
  Time since last request: 2.730708 seconds.
  path: Assets/Prefabs/prefab3/standard.prefab
  artifactKey: Guid(547b24cdaa4599c438785dc8e74ec20d) Importer(815301076,1909f56bfc062723c751e8b465ee728b)
Start importing Assets/Prefabs/prefab3/standard.prefab using Guid(547b24cdaa4599c438785dc8e74ec20d) Importer(815301076,1909f56bfc062723c751e8b465ee728b)  -> (artifact id: '3778dc72d7631477ad1c0a355b7a1895') in 0.116897 seconds 
========================================================================
Received Import Request.
  Time since last request: 5.518602 seconds.
  path: Assets/Prefabs/prefab3/standard.prefab
  artifactKey: Guid(547b24cdaa4599c438785dc8e74ec20d) Importer(815301076,1909f56bfc062723c751e8b465ee728b)
Start importing Assets/Prefabs/prefab3/standard.prefab using Guid(547b24cdaa4599c438785dc8e74ec20d) Importer(815301076,1909f56bfc062723c751e8b465ee728b)  -> (artifact id: '51eeb3634d0f7483f4ef97630940e090') in 0.118859 seconds 
========================================================================
Received Import Request.
  Time since last request: 5.547354 seconds.
  path: Assets/Prefabs/prefab3/standard.prefab
  artifactKey: Guid(547b24cdaa4599c438785dc8e74ec20d) Importer(815301076,1909f56bfc062723c751e8b465ee728b)
Start importing Assets/Prefabs/prefab3/standard.prefab using Guid(547b24cdaa4599c438785dc8e74ec20d) Importer(815301076,1909f56bfc062723c751e8b465ee728b)  -> (artifact id: '2223d85f2e43bca0c550cd13c9e66eba') in 0.125138 seconds 
========================================================================
Received Import Request.
  Time since last request: 18.658278 seconds.
  path: Assets/Prefabs/prefab3/standard.prefab
  artifactKey: Guid(547b24cdaa4599c438785dc8e74ec20d) Importer(815301076,1909f56bfc062723c751e8b465ee728b)
Start importing Assets/Prefabs/prefab3/standard.prefab using Guid(547b24cdaa4599c438785dc8e74ec20d) Importer(815301076,1909f56bfc062723c751e8b465ee728b)  -> (artifact id: 'b25b797f3809584d084b1be8aa85d462') in 0.157843 seconds 
========================================================================
Received Import Request.
  Time since last request: 10.623231 seconds.
  path: Assets/Prefabs/prefab3/standard.prefab
  artifactKey: Guid(547b24cdaa4599c438785dc8e74ec20d) Importer(815301076,1909f56bfc062723c751e8b465ee728b)
Start importing Assets/Prefabs/prefab3/standard.prefab using Guid(547b24cdaa4599c438785dc8e74ec20d) Importer(815301076,1909f56bfc062723c751e8b465ee728b)  -> (artifact id: '62ce08e335ba70894c0f81add9b74b77') in 0.170561 seconds 
========================================================================
Received Import Request.
  Time since last request: 19.968750 seconds.
  path: Assets/Prefabs/prefab3/standard.prefab
  artifactKey: Guid(547b24cdaa4599c438785dc8e74ec20d) Importer(815301076,1909f56bfc062723c751e8b465ee728b)
Start importing Assets/Prefabs/prefab3/standard.prefab using Guid(547b24cdaa4599c438785dc8e74ec20d) Importer(815301076,1909f56bfc062723c751e8b465ee728b)  -> (artifact id: 'c76c7db3db45df3899f41beb1e0fab0c') in 0.204344 seconds 
========================================================================
Received Import Request.
  Time since last request: 5.113037 seconds.
  path: Assets/Prefabs/prefab3/standard.prefab
  artifactKey: Guid(547b24cdaa4599c438785dc8e74ec20d) Importer(815301076,1909f56bfc062723c751e8b465ee728b)
Start importing Assets/Prefabs/prefab3/standard.prefab using Guid(547b24cdaa4599c438785dc8e74ec20d) Importer(815301076,1909f56bfc062723c751e8b465ee728b)  -> (artifact id: 'a8f9b5eef7e1e5cb8ae96677a4ffd41f') in 0.228307 seconds 
========================================================================
Received Import Request.
  Time since last request: 6.627623 seconds.
  path: Assets/Prefabs/prefab3/standard.prefab
  artifactKey: Guid(547b24cdaa4599c438785dc8e74ec20d) Importer(815301076,1909f56bfc062723c751e8b465ee728b)
Start importing Assets/Prefabs/prefab3/standard.prefab using Guid(547b24cdaa4599c438785dc8e74ec20d) Importer(815301076,1909f56bfc062723c751e8b465ee728b)  -> (artifact id: '971e43a5f8af2fdb0ab9addee35c9b74') in 0.209741 seconds 
========================================================================
Received Import Request.
  Time since last request: 3.819729 seconds.
  path: Assets/Prefabs/prefab3/standard.prefab
  artifactKey: Guid(547b24cdaa4599c438785dc8e74ec20d) Importer(815301076,1909f56bfc062723c751e8b465ee728b)
Start importing Assets/Prefabs/prefab3/standard.prefab using Guid(547b24cdaa4599c438785dc8e74ec20d) Importer(815301076,1909f56bfc062723c751e8b465ee728b)  -> (artifact id: '174339833f0f0746caaca9efc35dac72') in 0.212507 seconds 
========================================================================
Received Import Request.
  Time since last request: 10.095116 seconds.
  path: Assets/Prefabs/prefab3/standard.prefab
  artifactKey: Guid(547b24cdaa4599c438785dc8e74ec20d) Importer(815301076,1909f56bfc062723c751e8b465ee728b)
Start importing Assets/Prefabs/prefab3/standard.prefab using Guid(547b24cdaa4599c438785dc8e74ec20d) Importer(815301076,1909f56bfc062723c751e8b465ee728b)  -> (artifact id: '5f6af9745f385df66b00f975645a8b16') in 0.202639 seconds 
========================================================================
Received Import Request.
  Time since last request: 210.946808 seconds.
  path: Assets/Prefabs/prefab3/standard.prefab
  artifactKey: Guid(547b24cdaa4599c438785dc8e74ec20d) Importer(815301076,1909f56bfc062723c751e8b465ee728b)
Start importing Assets/Prefabs/prefab3/standard.prefab using Guid(547b24cdaa4599c438785dc8e74ec20d) Importer(815301076,1909f56bfc062723c751e8b465ee728b)  -> (artifact id: '26aa3088e8b80e3ada295428449f4205') in 0.128467 seconds 
========================================================================
Received Import Request.
  Time since last request: 66.482257 seconds.
  path: Assets/Prefabs/prefab3/standard.prefab
  artifactKey: Guid(547b24cdaa4599c438785dc8e74ec20d) Importer(815301076,1909f56bfc062723c751e8b465ee728b)
Start importing Assets/Prefabs/prefab3/standard.prefab using Guid(547b24cdaa4599c438785dc8e74ec20d) Importer(815301076,1909f56bfc062723c751e8b465ee728b)  -> (artifact id: '813665ec99ea6e4987ee9db18f2bbe8a') in 0.126293 seconds 
========================================================================
Received Import Request.
  Time since last request: 5.337355 seconds.
  path: Assets/Prefabs/prefab3/standard.prefab
  artifactKey: Guid(547b24cdaa4599c438785dc8e74ec20d) Importer(815301076,1909f56bfc062723c751e8b465ee728b)
Start importing Assets/Prefabs/prefab3/standard.prefab using Guid(547b24cdaa4599c438785dc8e74ec20d) Importer(815301076,1909f56bfc062723c751e8b465ee728b)  -> (artifact id: '4eef5a47eeb4995c620f62510e8e5488') in 0.126801 seconds 
========================================================================
Received Import Request.
  Time since last request: 108.385841 seconds.
  path: Assets/Prefabs/prefab3/standard.prefab
  artifactKey: Guid(547b24cdaa4599c438785dc8e74ec20d) Importer(815301076,1909f56bfc062723c751e8b465ee728b)
Start importing Assets/Prefabs/prefab3/standard.prefab using Guid(547b24cdaa4599c438785dc8e74ec20d) Importer(815301076,1909f56bfc062723c751e8b465ee728b)  -> (artifact id: '1a169d0e805ea70b165b97b689635bf6') in 0.153926 seconds 
========================================================================
Received Import Request.
  Time since last request: 54.980342 seconds.
  path: Assets/Prefabs/prefab3/standard.prefab
  artifactKey: Guid(547b24cdaa4599c438785dc8e74ec20d) Importer(815301076,1909f56bfc062723c751e8b465ee728b)
Start importing Assets/Prefabs/prefab3/standard.prefab using Guid(547b24cdaa4599c438785dc8e74ec20d) Importer(815301076,1909f56bfc062723c751e8b465ee728b)  -> (artifact id: '9184c6b81d2c210460fab9f24fdb305a') in 0.126137 seconds 
========================================================================
Received Import Request.
  Time since last request: 61.098213 seconds.
  path: Assets/Prefabs/prefab3/standard.prefab
  artifactKey: Guid(547b24cdaa4599c438785dc8e74ec20d) Importer(815301076,1909f56bfc062723c751e8b465ee728b)
Start importing Assets/Prefabs/prefab3/standard.prefab using Guid(547b24cdaa4599c438785dc8e74ec20d) Importer(815301076,1909f56bfc062723c751e8b465ee728b)  -> (artifact id: 'ce9a07b6eb3df7042d0cc73d49e6e44a') in 0.132344 seconds 
========================================================================
Received Import Request.
  Time since last request: 4.511817 seconds.
  path: Assets/Prefabs/prefab3/standard.prefab
  artifactKey: Guid(547b24cdaa4599c438785dc8e74ec20d) Importer(815301076,1909f56bfc062723c751e8b465ee728b)
Start importing Assets/Prefabs/prefab3/standard.prefab using Guid(547b24cdaa4599c438785dc8e74ec20d) Importer(815301076,1909f56bfc062723c751e8b465ee728b)  -> (artifact id: '43cf0dc852756a9483ff23f6cbfd164e') in 0.124448 seconds 
========================================================================
Received Import Request.
  Time since last request: 8.664334 seconds.
  path: ProjectSettings/TagManager.asset
  artifactKey: Guid(00000000000000003000000000000000) Importer(815301076,1909f56bfc062723c751e8b465ee728b)
Start importing ProjectSettings/TagManager.asset using Guid(00000000000000003000000000000000) Importer(815301076,1909f56bfc062723c751e8b465ee728b)  -> (artifact id: '70a6355d52da621f64c92ef4a4b45018') in 0.016043 seconds 
========================================================================
Received Import Request.
  Time since last request: 369.102212 seconds.
  path: Assets/Prefabs/prefab3/Grid.prefab
  artifactKey: Guid(a1d15c0c29dde2a49915ca01b8895514) Importer(815301076,1909f56bfc062723c751e8b465ee728b)
Start importing Assets/Prefabs/prefab3/Grid.prefab using Guid(a1d15c0c29dde2a49915ca01b8895514) Importer(815301076,1909f56bfc062723c751e8b465ee728b)  -> (artifact id: '258edfe33e3d926049fad0ff28450bba') in 0.113335 seconds 
========================================================================
Received Prepare
Registering precompiled user dll's ...
Registered in 0.051646 seconds.
Begin MonoManager ReloadAssembly
Symbol file LoadedFromMemory doesn't match image C:\Users\rog\Desktop\shixunUnity\Library\PackageCache\com.unity.visualscripting@1.7.8\Editor\VisualScripting.Core\Dependencies\DotNetZip\Unity.VisualScripting.IonicZip.dll
Symbol file LoadedFromMemory doesn't match image C:\Users\rog\Desktop\shixunUnity\Library\PackageCache\com.unity.visualscripting@1.7.8\Editor\VisualScripting.Core\Dependencies\YamlDotNet\Unity.VisualScripting.YamlDotNet.dll
Native extension for WindowsStandalone target not found
Refreshing native plugins compatible for Editor in 2.02 ms, found 4 plugins.
Preloading 0 native plugins for Editor in 0.00 ms.
Mono: successfully reloaded assembly
- Completed reload, in  1.884 seconds
Domain Reload Profiling:
	ReloadAssembly (1885ms)
		BeginReloadAssembly (219ms)
			ExecutionOrderSort (0ms)
			DisableScriptedObjects (12ms)
			BackupInstance (0ms)
			ReleaseScriptingObjects (0ms)
			CreateAndSetChildDomain (68ms)
		EndReloadAssembly (1498ms)
			LoadAssemblies (155ms)
			RebuildTransferFunctionScriptingTraits (0ms)
			SetupTypeCache (349ms)
			ReleaseScriptCaches (3ms)
			RebuildScriptCaches (72ms)
			SetupLoadedEditorAssemblies (757ms)
				LogAssemblyErrors (0ms)
				InitializePlatformSupportModulesInManaged (18ms)
				SetLoadedEditorAssemblies (1ms)
				RefreshPlugins (2ms)
				BeforeProcessingInitializeOnLoad (152ms)
				ProcessInitializeOnLoadAttributes (322ms)
				ProcessInitializeOnLoadMethodAttributes (239ms)
				AfterProcessingInitializeOnLoad (23ms)
				EditorAssembliesLoaded (0ms)
			ExecutionOrderSort2 (0ms)
			AwakeInstancesAfterBackupRestoration (22ms)
Platform modules already initialized, skipping
Refreshing native plugins compatible for Editor in 16.92 ms, found 4 plugins.
Preloading 0 native plugins for Editor in 0.00 ms.
Unloading 6225 Unused Serialized files (Serialized files now loaded: 0)
Unloading 69 unused Assets / (0.8 MB). Loaded Objects now: 6835.
Memory consumption went from 236.2 MB to 235.4 MB.
Total: 8.704400 ms (FindLiveObjects: 0.587100 ms CreateObjectMapping: 0.323000 ms MarkObjects: 7.338500 ms  DeleteObjects: 0.454100 ms)

AssetImportParameters requested are different than current active one (requested -> active):
  custom:video-decoder-ogg-theora: a1e56fd34408186e4bbccfd4996cb3dc -> 
  custom:container-muxer-webm: aa71ff27fc2769a1b78a27578f13a17b -> 
  custom:container-demuxer-webm: 4f35f7cbe854078d1ac9338744f61a02 -> 
  custom:video-encoder-webm-vp8: eb34c28f22e8b96e1ab97ce403110664 -> 
  custom:video-codec-MediaFoundation-h265: 746d11721c4dcdbdad8f713fa42b33f4 -> 
  custom:audio-encoder-webm-vorbis: bf7c407c2cedff20999df2af8eb42d56 -> 
  custom:framework-win-MediaFoundation: 216162199b28c13a410421893ffa2e32 -> 
  custom:container-demuxer-ogg: 62fdf1f143b41e24485cea50d1cbac27 -> 
  custom:video-decoder-webm-vp8: 9c59270c3fd7afecdb556c50c9e8de78 -> 
  custom:audio-decoder-ogg-vorbis: bf7c407c2cedff20999df2af8eb42d56 -> 
========================================================================
Received Import Request.
  Time since last request: 2143.325261 seconds.
  path: Assets/Prefabs/prefab3/Grid.prefab
  artifactKey: Guid(a1d15c0c29dde2a49915ca01b8895514) Importer(815301076,1909f56bfc062723c751e8b465ee728b)
Start importing Assets/Prefabs/prefab3/Grid.prefab using Guid(a1d15c0c29dde2a49915ca01b8895514) Importer(815301076,1909f56bfc062723c751e8b465ee728b)  -> (artifact id: 'ff6fc58cd36a3c4a41aae35aa4282a12') in 0.311827 seconds 
========================================================================
Received Import Request.
  Time since last request: 2.779137 seconds.
  path: Assets/Prefabs/prefab3/Grid.prefab
  artifactKey: Guid(a1d15c0c29dde2a49915ca01b8895514) Importer(815301076,1909f56bfc062723c751e8b465ee728b)
Start importing Assets/Prefabs/prefab3/Grid.prefab using Guid(a1d15c0c29dde2a49915ca01b8895514) Importer(815301076,1909f56bfc062723c751e8b465ee728b)  -> (artifact id: '9b73a1072eec8f6a00c20f794be1e617') in 0.109227 seconds 
========================================================================
Received Import Request.
  Time since last request: 5.243709 seconds.
  path: Assets/Prefabs/prefab3/Grid.prefab
  artifactKey: Guid(a1d15c0c29dde2a49915ca01b8895514) Importer(815301076,1909f56bfc062723c751e8b465ee728b)
Start importing Assets/Prefabs/prefab3/Grid.prefab using Guid(a1d15c0c29dde2a49915ca01b8895514) Importer(815301076,1909f56bfc062723c751e8b465ee728b)  -> (artifact id: '12e4494531c8f93322cffa0a7d5ce905') in 0.106716 seconds 
========================================================================
Received Import Request.
  Time since last request: 11.131218 seconds.
  path: Assets/Prefabs/prefab3/Grid.prefab
  artifactKey: Guid(a1d15c0c29dde2a49915ca01b8895514) Importer(815301076,1909f56bfc062723c751e8b465ee728b)
Start importing Assets/Prefabs/prefab3/Grid.prefab using Guid(a1d15c0c29dde2a49915ca01b8895514) Importer(815301076,1909f56bfc062723c751e8b465ee728b)  -> (artifact id: '4a9594d132708f2aaeb8111e527197b8') in 0.114491 seconds 
