Using pre-set license
Built from 'HEAD' branch; Version is '2021.3.16f1c1 (56dbfdd6697f) revision 5692413'; Using compiler version '192829333'; Build Type 'Release'
OS: 'Windows 11  (10.0.26200) 64bit CoreCountrySpecific' Language: 'zh' Physical Memory: 15774 MB
BatchMode: 1, IsHumanControllingUs: 0, StartBugReporterOnCrash: 0, Is64bit: 1, IsPro: 1

COMMAND LINE ARGUMENTS:
D:\unitybianjiqi\2021.3.16f1c1\Editor\Unity.exe
-adb2
-batchMode
-noUpm
-name
AssetImportWorker12
-projectPath
C:/Users/rog/Desktop/shixunUnity
-logFile
Logs/AssetImportWorker12.log
-srvPort
11931
Successfully changed project path to: C:/Users/rog/Desktop/shixunUnity
C:/Users/rog/Desktop/shixunUnity
[UnityMemory] Configuration Parameters - Can be set up in boot.config
    "memorysetup-bucket-allocator-granularity=16"
    "memorysetup-bucket-allocator-bucket-count=8"
    "memorysetup-bucket-allocator-block-size=33554432"
    "memorysetup-bucket-allocator-block-count=8"
    "memorysetup-main-allocator-block-size=16777216"
    "memorysetup-thread-allocator-block-size=16777216"
    "memorysetup-gfx-main-allocator-block-size=16777216"
    "memorysetup-gfx-thread-allocator-block-size=16777216"
    "memorysetup-cache-allocator-block-size=4194304"
    "memorysetup-typetree-allocator-block-size=2097152"
    "memorysetup-profiler-bucket-allocator-granularity=16"
    "memorysetup-profiler-bucket-allocator-bucket-count=8"
    "memorysetup-profiler-bucket-allocator-block-size=33554432"
    "memorysetup-profiler-bucket-allocator-block-count=8"
    "memorysetup-profiler-allocator-block-size=16777216"
    "memorysetup-profiler-editor-allocator-block-size=1048576"
    "memorysetup-temp-allocator-size-main=16777216"
    "memorysetup-job-temp-allocator-block-size=2097152"
    "memorysetup-job-temp-allocator-block-size-background=1048576"
    "memorysetup-job-temp-allocator-reduction-small-platforms=262144"
    "memorysetup-temp-allocator-size-background-worker=32768"
    "memorysetup-temp-allocator-size-job-worker=262144"
    "memorysetup-temp-allocator-size-preload-manager=33554432"
    "memorysetup-temp-allocator-size-nav-mesh-worker=65536"
    "memorysetup-temp-allocator-size-audio-worker=65536"
    "memorysetup-temp-allocator-size-cloud-worker=32768"
    "memorysetup-temp-allocator-size-gi-baking-worker=262144"
    "memorysetup-temp-allocator-size-gfx=262144"
Player connection [28740] Host "[IP] 192.168.3.205 [Port] 0 [Flags] 2 [Guid] 2969557562 [EditorId] 2969557562 [Version] 1048832 [Id] WindowsEditor(7,LAPTOP-K5FB5TGA) [Debug] 1 [PackageName] WindowsEditor [ProjectName] Editor" joined multi-casting on [225.0.0.222:54997]...

Player connection [28740] Host "[IP] 192.168.3.205 [Port] 0 [Flags] 2 [Guid] 2969557562 [EditorId] 2969557562 [Version] 1048832 [Id] WindowsEditor(7,LAPTOP-K5FB5TGA) [Debug] 1 [PackageName] WindowsEditor [ProjectName] Editor" joined alternative multi-casting on [225.0.0.222:34997]...

AS: AutoStreaming module initializing.
Refreshing native plugins compatible for Editor in 207.06 ms, found 4 plugins.
Preloading 0 native plugins for Editor in 0.00 ms.
Initialize engine version: 2021.3.16f1c1 (56dbfdd6697f)
[Subsystems] Discovering subsystems at path D:/unitybianjiqi/2021.3.16f1c1/Editor/Data/Resources/UnitySubsystems
[Subsystems] Discovering subsystems at path C:/Users/rog/Desktop/shixunUnity/Assets
GfxDevice: creating device client; threaded=0; jobified=0
Direct3D:
    Version:  Direct3D 11.0 [level 11.1]
    Renderer: AMD Radeon RX 6800M (ID=0x73df)
    Vendor:   ATI
    VRAM:     12242 MB
    Driver:   32.0.21041.1000
Initialize mono
Mono path[0] = 'D:/unitybianjiqi/2021.3.16f1c1/Editor/Data/Managed'
Mono path[1] = 'D:/unitybianjiqi/2021.3.16f1c1/Editor/Data/MonoBleedingEdge/lib/mono/unityjit-win32'
Mono config path = 'D:/unitybianjiqi/2021.3.16f1c1/Editor/Data/MonoBleedingEdge/etc'
Using monoOptions --debugger-agent=transport=dt_socket,embedding=1,server=y,suspend=n,address=127.0.0.1:56252
Begin MonoManager ReloadAssembly
Registering precompiled unity dll's ...
Register platform support module: D:/unitybianjiqi/2021.3.16f1c1/Editor/Data/PlaybackEngines/WindowsStandaloneSupport/UnityEditor.WindowsStandalone.Extensions.dll
Registered in 0.006248 seconds.
Native extension for WindowsStandalone target not found
Refreshing native plugins compatible for Editor in 162.01 ms, found 4 plugins.
Preloading 0 native plugins for Editor in 0.00 ms.
Mono: successfully reloaded assembly
- Completed reload, in  0.840 seconds
Domain Reload Profiling:
	ReloadAssembly (841ms)
		BeginReloadAssembly (105ms)
			ExecutionOrderSort (0ms)
			DisableScriptedObjects (0ms)
			BackupInstance (0ms)
			ReleaseScriptingObjects (0ms)
			CreateAndSetChildDomain (1ms)
		EndReloadAssembly (598ms)
			LoadAssemblies (96ms)
			RebuildTransferFunctionScriptingTraits (0ms)
			SetupTypeCache (120ms)
			ReleaseScriptCaches (0ms)
			RebuildScriptCaches (31ms)
			SetupLoadedEditorAssemblies (372ms)
				LogAssemblyErrors (0ms)
				InitializePlatformSupportModulesInManaged (8ms)
				SetLoadedEditorAssemblies (0ms)
				RefreshPlugins (162ms)
				BeforeProcessingInitializeOnLoad (1ms)
				ProcessInitializeOnLoadAttributes (143ms)
				ProcessInitializeOnLoadMethodAttributes (57ms)
				AfterProcessingInitializeOnLoad (0ms)
				EditorAssembliesLoaded (0ms)
			ExecutionOrderSort2 (0ms)
			AwakeInstancesAfterBackupRestoration (0ms)
Platform modules already initialized, skipping
Registering precompiled user dll's ...
Registered in 0.046774 seconds.
Begin MonoManager ReloadAssembly
Symbol file LoadedFromMemory doesn't match image C:\Users\rog\Desktop\shixunUnity\Library\PackageCache\com.unity.visualscripting@1.7.8\Editor\VisualScripting.Core\Dependencies\DotNetZip\Unity.VisualScripting.IonicZip.dll
Symbol file LoadedFromMemory doesn't match image C:\Users\rog\Desktop\shixunUnity\Library\PackageCache\com.unity.visualscripting@1.7.8\Editor\VisualScripting.Core\Dependencies\YamlDotNet\Unity.VisualScripting.YamlDotNet.dll
Native extension for WindowsStandalone target not found
Refreshing native plugins compatible for Editor in 150.52 ms, found 4 plugins.
Preloading 0 native plugins for Editor in 0.00 ms.
Package Manager log level set to [2]
Mono: successfully reloaded assembly
- Completed reload, in  1.745 seconds
Domain Reload Profiling:
	ReloadAssembly (1746ms)
		BeginReloadAssembly (131ms)
			ExecutionOrderSort (0ms)
			DisableScriptedObjects (6ms)
			BackupInstance (0ms)
			ReleaseScriptingObjects (0ms)
			CreateAndSetChildDomain (22ms)
		EndReloadAssembly (1445ms)
			LoadAssemblies (167ms)
			RebuildTransferFunctionScriptingTraits (0ms)
			SetupTypeCache (319ms)
			ReleaseScriptCaches (1ms)
			RebuildScriptCaches (74ms)
			SetupLoadedEditorAssemblies (811ms)
				LogAssemblyErrors (0ms)
				InitializePlatformSupportModulesInManaged (4ms)
				SetLoadedEditorAssemblies (0ms)
				RefreshPlugins (151ms)
				BeforeProcessingInitializeOnLoad (164ms)
				ProcessInitializeOnLoadAttributes (295ms)
				ProcessInitializeOnLoadMethodAttributes (180ms)
				AfterProcessingInitializeOnLoad (17ms)
				EditorAssembliesLoaded (0ms)
			ExecutionOrderSort2 (0ms)
			AwakeInstancesAfterBackupRestoration (8ms)
Platform modules already initialized, skipping
========================================================================
Worker process is ready to serve import requests
Launched and connected shader compiler UnityShaderCompiler.exe after 0.06 seconds
Refreshing native plugins compatible for Editor in 1.40 ms, found 4 plugins.
Preloading 0 native plugins for Editor in 0.00 ms.
Unloading 6350 Unused Serialized files (Serialized files now loaded: 0)
Unloading 93 unused Assets / (0.8 MB). Loaded Objects now: 6768.
Memory consumption went from 238.0 MB to 237.2 MB.
Total: 8.266300 ms (FindLiveObjects: 0.496000 ms CreateObjectMapping: 0.216500 ms MarkObjects: 7.146900 ms  DeleteObjects: 0.405400 ms)

AssetImportParameters requested are different than current active one (requested -> active):
  custom:video-decoder-ogg-theora: a1e56fd34408186e4bbccfd4996cb3dc -> 
  custom:container-muxer-webm: aa71ff27fc2769a1b78a27578f13a17b -> 
  custom:container-demuxer-webm: 4f35f7cbe854078d1ac9338744f61a02 -> 
  custom:video-encoder-webm-vp8: eb34c28f22e8b96e1ab97ce403110664 -> 
  custom:video-codec-MediaFoundation-h265: 746d11721c4dcdbdad8f713fa42b33f4 -> 
  custom:audio-encoder-webm-vorbis: bf7c407c2cedff20999df2af8eb42d56 -> 
  custom:framework-win-MediaFoundation: 216162199b28c13a410421893ffa2e32 -> 
  custom:container-demuxer-ogg: 62fdf1f143b41e24485cea50d1cbac27 -> 
  custom:video-decoder-webm-vp8: 9c59270c3fd7afecdb556c50c9e8de78 -> 
  custom:audio-decoder-ogg-vorbis: bf7c407c2cedff20999df2af8eb42d56 -> 
========================================================================
Received Import Request.
  Time since last request: 33094.564079 seconds.
  path: Packages/com.unity.2d.sprite/Editor/ObjectMenuCreation/DefaultAssets/Textures/v2/Capsule.png
  artifactKey: Guid(207ee8102dd4143d288186ef0be518ee) Importer(815301076,1909f56bfc062723c751e8b465ee728b)
Start importing Packages/com.unity.2d.sprite/Editor/ObjectMenuCreation/DefaultAssets/Textures/v2/Capsule.png using Guid(207ee8102dd4143d288186ef0be518ee) Importer(815301076,1909f56bfc062723c751e8b465ee728b)  -> (artifact id: '5d7eb199c65616fe19f9f39f9f80e369') in 0.141904 seconds 
========================================================================
Received Import Request.
  Time since last request: 2547.212147 seconds.
  path: Assets/Prefabs/prefab3/standard.prefab
  artifactKey: Guid(547b24cdaa4599c438785dc8e74ec20d) Importer(815301076,1909f56bfc062723c751e8b465ee728b)
Start importing Assets/Prefabs/prefab3/standard.prefab using Guid(547b24cdaa4599c438785dc8e74ec20d) Importer(815301076,1909f56bfc062723c751e8b465ee728b)  -> (artifact id: 'ebaf262ad244bbcf484496204f294520') in 0.201029 seconds 
========================================================================
Received Import Request.
  Time since last request: 131.339050 seconds.
  path: Assets/Prefabs/prefab3/map/map tiles/地图资源_0.asset
  artifactKey: Guid(22a2282178d1fed4282af0bbbbfb9a2f) Importer(815301076,1909f56bfc062723c751e8b465ee728b)
Start importing Assets/Prefabs/prefab3/map/map tiles/地图资源_0.asset using Guid(22a2282178d1fed4282af0bbbbfb9a2f) Importer(815301076,1909f56bfc062723c751e8b465ee728b)  -> (artifact id: '8a21536f41c196d7b74ab008736286c3') in 0.024724 seconds 
========================================================================
Received Import Request.
  Time since last request: 0.017601 seconds.
  path: Assets/Prefabs/prefab3/map/map tiles/地图资源_3.asset
  artifactKey: Guid(4014f2113d9ce6949881e872cf372740) Importer(815301076,1909f56bfc062723c751e8b465ee728b)
Start importing Assets/Prefabs/prefab3/map/map tiles/地图资源_3.asset using Guid(4014f2113d9ce6949881e872cf372740) Importer(815301076,1909f56bfc062723c751e8b465ee728b)  -> (artifact id: '5b99ed3e59843885376463b795fac5f9') in 0.016248 seconds 
========================================================================
Received Import Request.
  Time since last request: 0.000056 seconds.
  path: Assets/Prefabs/prefab3/map/map tiles/地图资源_7.asset
  artifactKey: Guid(a25e496208021e940ae43112b4cc509a) Importer(815301076,1909f56bfc062723c751e8b465ee728b)
Start importing Assets/Prefabs/prefab3/map/map tiles/地图资源_7.asset using Guid(a25e496208021e940ae43112b4cc509a) Importer(815301076,1909f56bfc062723c751e8b465ee728b)  -> (artifact id: 'a7ca1596679a1578b804eb2ccd54a9f5') in 0.017633 seconds 
========================================================================
Received Import Request.
  Time since last request: 0.001588 seconds.
  path: Assets/Prefabs/prefab3/map/map tiles/地图资源_10.asset
  artifactKey: Guid(8704993d994b26f44b95e724b5b7f34e) Importer(815301076,1909f56bfc062723c751e8b465ee728b)
Start importing Assets/Prefabs/prefab3/map/map tiles/地图资源_10.asset using Guid(8704993d994b26f44b95e724b5b7f34e) Importer(815301076,1909f56bfc062723c751e8b465ee728b)  -> (artifact id: '3a31fd0a7393874954f674138b32d862') in 0.017725 seconds 
========================================================================
Received Import Request.
  Time since last request: 0.000025 seconds.
  path: Assets/Prefabs/prefab3/map/map tiles/地图资源_17.asset
  artifactKey: Guid(31320c593c97fac42b020d565873f65a) Importer(815301076,1909f56bfc062723c751e8b465ee728b)
Start importing Assets/Prefabs/prefab3/map/map tiles/地图资源_17.asset using Guid(31320c593c97fac42b020d565873f65a) Importer(815301076,1909f56bfc062723c751e8b465ee728b)  -> (artifact id: '9d0210d70bb8706d6c9c3320fa639628') in 0.018385 seconds 
========================================================================
Received Import Request.
  Time since last request: 0.002563 seconds.
  path: Assets/Prefabs/prefab3/map/map tiles/地图资源_19.asset
  artifactKey: Guid(733a309f48086eb44911151b07eff4b3) Importer(815301076,1909f56bfc062723c751e8b465ee728b)
Start importing Assets/Prefabs/prefab3/map/map tiles/地图资源_19.asset using Guid(733a309f48086eb44911151b07eff4b3) Importer(815301076,1909f56bfc062723c751e8b465ee728b)  -> (artifact id: 'e41317fbfd0447a35a112c80a5346d82') in 0.021076 seconds 
========================================================================
Received Import Request.
  Time since last request: 0.000028 seconds.
  path: Assets/Prefabs/prefab3/map/map tiles/地图资源_26.asset
  artifactKey: Guid(0646448f26b5f6442b35605b8ac16b51) Importer(815301076,1909f56bfc062723c751e8b465ee728b)
Start importing Assets/Prefabs/prefab3/map/map tiles/地图资源_26.asset using Guid(0646448f26b5f6442b35605b8ac16b51) Importer(815301076,1909f56bfc062723c751e8b465ee728b)  -> (artifact id: 'ef72fc319ebe2bf3220846017acde9e0') in 0.024323 seconds 
========================================================================
Received Import Request.
  Time since last request: 0.000033 seconds.
  path: Assets/Prefabs/prefab3/map/map tiles/地图资源_29.asset
  artifactKey: Guid(c1f5f31bbf3b236478496a733e6c074c) Importer(815301076,1909f56bfc062723c751e8b465ee728b)
Start importing Assets/Prefabs/prefab3/map/map tiles/地图资源_29.asset using Guid(c1f5f31bbf3b236478496a733e6c074c) Importer(815301076,1909f56bfc062723c751e8b465ee728b)  -> (artifact id: '57f452ad03a99e016801bae6548584e8') in 0.021017 seconds 
========================================================================
Received Import Request.
  Time since last request: 0.000032 seconds.
  path: Assets/Prefabs/prefab3/map/map tiles/地图资源_16.asset
  artifactKey: Guid(941b8d84030d95a49af3e42f3ec49b83) Importer(815301076,1909f56bfc062723c751e8b465ee728b)
Start importing Assets/Prefabs/prefab3/map/map tiles/地图资源_16.asset using Guid(941b8d84030d95a49af3e42f3ec49b83) Importer(815301076,1909f56bfc062723c751e8b465ee728b)  -> (artifact id: 'bd1b484b69a6f71ad508e33c0fa89fe1') in 0.020737 seconds 
========================================================================
Received Import Request.
  Time since last request: 0.000039 seconds.
  path: Assets/Prefabs/prefab3/map/map tiles/地图资源_31.asset
  artifactKey: Guid(979d0b715e551d94db23c06be4bd40c4) Importer(815301076,1909f56bfc062723c751e8b465ee728b)
Start importing Assets/Prefabs/prefab3/map/map tiles/地图资源_31.asset using Guid(979d0b715e551d94db23c06be4bd40c4) Importer(815301076,1909f56bfc062723c751e8b465ee728b)  -> (artifact id: 'cb5db648ff1f549459125f79a3132e2d') in 0.018315 seconds 
========================================================================
Received Import Request.
  Time since last request: 0.000049 seconds.
  path: Assets/Prefabs/prefab3/map/map tiles/地图资源_22.asset
  artifactKey: Guid(fdfeea633e5821f439ef41b78796505a) Importer(815301076,1909f56bfc062723c751e8b465ee728b)
Start importing Assets/Prefabs/prefab3/map/map tiles/地图资源_22.asset using Guid(fdfeea633e5821f439ef41b78796505a) Importer(815301076,1909f56bfc062723c751e8b465ee728b)  -> (artifact id: '28ef3947603701176af581e237264fb6') in 0.016154 seconds 
========================================================================
Received Import Request.
  Time since last request: 0.000028 seconds.
  path: Assets/Prefabs/prefab3/map/map tiles/地图资源_13.asset
  artifactKey: Guid(b28ef5e5c13ed3f4fb095251671c6a9d) Importer(815301076,1909f56bfc062723c751e8b465ee728b)
Start importing Assets/Prefabs/prefab3/map/map tiles/地图资源_13.asset using Guid(b28ef5e5c13ed3f4fb095251671c6a9d) Importer(815301076,1909f56bfc062723c751e8b465ee728b)  -> (artifact id: '5cdbc8adeedc2bec0076725a615d6c75') in 0.016155 seconds 
========================================================================
Received Import Request.
  Time since last request: 0.000028 seconds.
  path: Assets/Prefabs/prefab3/map/map tiles/地图资源_28.asset
  artifactKey: Guid(3f97bde86919c214ba781f7c2faab7dc) Importer(815301076,1909f56bfc062723c751e8b465ee728b)
Start importing Assets/Prefabs/prefab3/map/map tiles/地图资源_28.asset using Guid(3f97bde86919c214ba781f7c2faab7dc) Importer(815301076,1909f56bfc062723c751e8b465ee728b)  -> (artifact id: '751668f749aef531caf66fa559267fd7') in 0.018072 seconds 
========================================================================
Received Import Request.
  Time since last request: 0.000028 seconds.
  path: Assets/Prefabs/prefab3/map/map tiles/地图资源_9.asset
  artifactKey: Guid(f723ca80a8c243e46ad228bf9a71b80d) Importer(815301076,1909f56bfc062723c751e8b465ee728b)
Start importing Assets/Prefabs/prefab3/map/map tiles/地图资源_9.asset using Guid(f723ca80a8c243e46ad228bf9a71b80d) Importer(815301076,1909f56bfc062723c751e8b465ee728b)  -> (artifact id: '3b9f756c2bb72178204f752942cad20a') in 0.020915 seconds 
========================================================================
Received Import Request.
  Time since last request: 0.000028 seconds.
  path: Assets/Prefabs/prefab3/map/map tiles/地图资源_35.asset
  artifactKey: Guid(f9d603c4dce9e924db9edb8fe742b9f5) Importer(815301076,1909f56bfc062723c751e8b465ee728b)
Start importing Assets/Prefabs/prefab3/map/map tiles/地图资源_35.asset using Guid(f9d603c4dce9e924db9edb8fe742b9f5) Importer(815301076,1909f56bfc062723c751e8b465ee728b)  -> (artifact id: 'd841aa721065bdf49598b49b7aae97b7') in 0.019354 seconds 
========================================================================
Received Import Request.
  Time since last request: 0.000069 seconds.
  path: Assets/Prefabs/prefab3/map/map tiles/地图资源_8.asset
  artifactKey: Guid(244aa5b420d6efd43aae7d944ad03589) Importer(815301076,1909f56bfc062723c751e8b465ee728b)
Start importing Assets/Prefabs/prefab3/map/map tiles/地图资源_8.asset using Guid(244aa5b420d6efd43aae7d944ad03589) Importer(815301076,1909f56bfc062723c751e8b465ee728b)  -> (artifact id: 'efbbb663886d64061b78f46a1cc868c0') in 0.017403 seconds 
========================================================================
Received Import Request.
  Time since last request: 0.000028 seconds.
  path: Assets/Prefabs/prefab3/map/map tiles/地图资源_33.asset
  artifactKey: Guid(fcfaa4ac379dba740ad69626d4a687fe) Importer(815301076,1909f56bfc062723c751e8b465ee728b)
Start importing Assets/Prefabs/prefab3/map/map tiles/地图资源_33.asset using Guid(fcfaa4ac379dba740ad69626d4a687fe) Importer(815301076,1909f56bfc062723c751e8b465ee728b)  -> (artifact id: '2bf9e6003f800a18198cabeea48eef00') in 0.021559 seconds 
========================================================================
Received Import Request.
  Time since last request: 0.000027 seconds.
  path: Assets/Prefabs/prefab3/map/map tiles/地图资源_30.asset
  artifactKey: Guid(331917830b2ae8043aaa0fdc110206e9) Importer(815301076,1909f56bfc062723c751e8b465ee728b)
Start importing Assets/Prefabs/prefab3/map/map tiles/地图资源_30.asset using Guid(331917830b2ae8043aaa0fdc110206e9) Importer(815301076,1909f56bfc062723c751e8b465ee728b)  -> (artifact id: '561a53161adab9b0d6ef15389456123a') in 0.017164 seconds 
========================================================================
Received Import Request.
  Time since last request: 0.000042 seconds.
  path: Assets/Prefabs/prefab3/map/map tiles/地图资源_24.asset
  artifactKey: Guid(0c21b9493de73894aa83112fda141a26) Importer(815301076,1909f56bfc062723c751e8b465ee728b)
Start importing Assets/Prefabs/prefab3/map/map tiles/地图资源_24.asset using Guid(0c21b9493de73894aa83112fda141a26) Importer(815301076,1909f56bfc062723c751e8b465ee728b)  -> (artifact id: '86d0fe24c880ba8d4a95f9f31b5018b7') in 0.017528 seconds 
========================================================================
Received Import Request.
  Time since last request: 0.231205 seconds.
  path: Assets/Prefabs/prefab3/map/tiles/地图资源_0.asset
  artifactKey: Guid(d3bacfe66835a974fbe26c0f0c7a02dc) Importer(815301076,1909f56bfc062723c751e8b465ee728b)
Start importing Assets/Prefabs/prefab3/map/tiles/地图资源_0.asset using Guid(d3bacfe66835a974fbe26c0f0c7a02dc) Importer(815301076,1909f56bfc062723c751e8b465ee728b)  -> (artifact id: '27514e413225384c54201a38fb843c52') in 0.016483 seconds 
========================================================================
Received Import Request.
  Time since last request: 0.000086 seconds.
  path: Assets/Prefabs/prefab3/map/tiles/地图资源_3.asset
  artifactKey: Guid(81ad3315dd792ab4f81eb00ad1abb4cf) Importer(815301076,1909f56bfc062723c751e8b465ee728b)
Start importing Assets/Prefabs/prefab3/map/tiles/地图资源_3.asset using Guid(81ad3315dd792ab4f81eb00ad1abb4cf) Importer(815301076,1909f56bfc062723c751e8b465ee728b)  -> (artifact id: '46337a4d7b154774b0ac59a1fa07ce14') in 0.020983 seconds 
========================================================================
Received Import Request.
  Time since last request: 0.000035 seconds.
  path: Assets/Prefabs/prefab3/map/tiles/地图资源_10.asset
  artifactKey: Guid(899c4ef0cc3862a43be47546fbc16b95) Importer(815301076,1909f56bfc062723c751e8b465ee728b)
Start importing Assets/Prefabs/prefab3/map/tiles/地图资源_10.asset using Guid(899c4ef0cc3862a43be47546fbc16b95) Importer(815301076,1909f56bfc062723c751e8b465ee728b)  -> (artifact id: 'cd197930817b009563dfa00c2efe0958') in 0.016924 seconds 
========================================================================
Received Import Request.
  Time since last request: 0.000029 seconds.
  path: Assets/Prefabs/prefab3/map/tiles/地图资源_2.asset
  artifactKey: Guid(4e21fe977c037354c8206e44751f422e) Importer(815301076,1909f56bfc062723c751e8b465ee728b)
Start importing Assets/Prefabs/prefab3/map/tiles/地图资源_2.asset using Guid(4e21fe977c037354c8206e44751f422e) Importer(815301076,1909f56bfc062723c751e8b465ee728b)  -> (artifact id: '6cfa650f3b2a95e671e876afc8b1cab2') in 0.016281 seconds 
========================================================================
Received Import Request.
  Time since last request: 0.000071 seconds.
  path: Assets/Prefabs/prefab3/map/tiles/地图资源_9.asset
  artifactKey: Guid(ed943ddf4f7b3824a98eb8f8adfc265d) Importer(815301076,1909f56bfc062723c751e8b465ee728b)
Start importing Assets/Prefabs/prefab3/map/tiles/地图资源_9.asset using Guid(ed943ddf4f7b3824a98eb8f8adfc265d) Importer(815301076,1909f56bfc062723c751e8b465ee728b)  -> (artifact id: '76f36aaec4c9a6a6a668e5188008c640') in 0.017391 seconds 
========================================================================
Received Import Request.
  Time since last request: 0.000029 seconds.
  path: Assets/Prefabs/prefab3/map/tiles/地图资源_15.asset
  artifactKey: Guid(84c35731c303c2f428f454c1681edfec) Importer(815301076,1909f56bfc062723c751e8b465ee728b)
Start importing Assets/Prefabs/prefab3/map/tiles/地图资源_15.asset using Guid(84c35731c303c2f428f454c1681edfec) Importer(815301076,1909f56bfc062723c751e8b465ee728b)  -> (artifact id: 'eaabe8652d0bc556da8458a36787dae1') in 0.018619 seconds 
========================================================================
Received Import Request.
  Time since last request: 0.000028 seconds.
  path: Assets/Prefabs/prefab3/map/tiles/地图资源_8.asset
  artifactKey: Guid(90d2727abf6c09849b7766417a244caa) Importer(815301076,1909f56bfc062723c751e8b465ee728b)
Start importing Assets/Prefabs/prefab3/map/tiles/地图资源_8.asset using Guid(90d2727abf6c09849b7766417a244caa) Importer(815301076,1909f56bfc062723c751e8b465ee728b)  -> (artifact id: 'da197e2503e60a99ea8b0f7eedb81f18') in 0.016767 seconds 
========================================================================
Received Import Request.
  Time since last request: 0.000032 seconds.
  path: Assets/Prefabs/prefab3/map/tiles/地图资源_13.asset
  artifactKey: Guid(6383c26524a7b7c44a6be14886017d91) Importer(815301076,1909f56bfc062723c751e8b465ee728b)
Start importing Assets/Prefabs/prefab3/map/tiles/地图资源_13.asset using Guid(6383c26524a7b7c44a6be14886017d91) Importer(815301076,1909f56bfc062723c751e8b465ee728b)  -> (artifact id: '6f175263e0ed5dd1a982e5d28c827f6a') in 0.016889 seconds 
========================================================================
Received Import Request.
  Time since last request: 0.000041 seconds.
  path: Assets/Prefabs/prefab3/map/tiles/地图资源_20.asset
  artifactKey: Guid(562e5f6442f788543af590311dce49c5) Importer(815301076,1909f56bfc062723c751e8b465ee728b)
Start importing Assets/Prefabs/prefab3/map/tiles/地图资源_20.asset using Guid(562e5f6442f788543af590311dce49c5) Importer(815301076,1909f56bfc062723c751e8b465ee728b)  -> (artifact id: 'b5dee81d8c1cb264b6e30e33a71f13f8') in 0.017542 seconds 
========================================================================
Received Import Request.
  Time since last request: 0.000040 seconds.
  path: Assets/Prefabs/prefab3/map/tiles/地图资源_32.asset
  artifactKey: Guid(22fca5ddd75a33f4eaf24bee8f6cc029) Importer(815301076,1909f56bfc062723c751e8b465ee728b)
Start importing Assets/Prefabs/prefab3/map/tiles/地图资源_32.asset using Guid(22fca5ddd75a33f4eaf24bee8f6cc029) Importer(815301076,1909f56bfc062723c751e8b465ee728b)  -> (artifact id: 'c4deee3f1563cc4b0aaa76ffb9470730') in 0.016848 seconds 
========================================================================
Received Import Request.
  Time since last request: 0.000076 seconds.
  path: Assets/Prefabs/prefab3/map/tiles/地图资源_19.asset
  artifactKey: Guid(dabfc256d83d5044ba1fcbe1a1df750a) Importer(815301076,1909f56bfc062723c751e8b465ee728b)
Start importing Assets/Prefabs/prefab3/map/tiles/地图资源_19.asset using Guid(dabfc256d83d5044ba1fcbe1a1df750a) Importer(815301076,1909f56bfc062723c751e8b465ee728b)  -> (artifact id: 'bcbf2cc7ce29cf9870153c9ed5e3306a') in 0.022372 seconds 
========================================================================
Received Import Request.
  Time since last request: 0.000034 seconds.
  path: Assets/Prefabs/prefab3/map/tiles/地图资源_27.asset
  artifactKey: Guid(75ddba610d95ac54b97719ca05563591) Importer(815301076,1909f56bfc062723c751e8b465ee728b)
Start importing Assets/Prefabs/prefab3/map/tiles/地图资源_27.asset using Guid(75ddba610d95ac54b97719ca05563591) Importer(815301076,1909f56bfc062723c751e8b465ee728b)  -> (artifact id: 'c3629bf07c320dc0edf5652a848e8945') in 0.020726 seconds 
========================================================================
Received Import Request.
  Time since last request: 0.000030 seconds.
  path: Assets/Prefabs/prefab3/map/tiles/地图资源_11.asset
  artifactKey: Guid(5f3ad4719e3825346a92f00a2a01cc8a) Importer(815301076,1909f56bfc062723c751e8b465ee728b)
Start importing Assets/Prefabs/prefab3/map/tiles/地图资源_11.asset using Guid(5f3ad4719e3825346a92f00a2a01cc8a) Importer(815301076,1909f56bfc062723c751e8b465ee728b)  -> (artifact id: '5efb607b7d09341c5bb4a7888be5c52e') in 0.016939 seconds 
========================================================================
Received Import Request.
  Time since last request: 0.000032 seconds.
  path: Assets/Prefabs/prefab3/map/tiles/地图资源_26.asset
  artifactKey: Guid(a3345f7e23763bc469bf01fc4644b419) Importer(815301076,1909f56bfc062723c751e8b465ee728b)
Start importing Assets/Prefabs/prefab3/map/tiles/地图资源_26.asset using Guid(a3345f7e23763bc469bf01fc4644b419) Importer(815301076,1909f56bfc062723c751e8b465ee728b)  -> (artifact id: '605bc0b3ebecc76e2e0b0abdd283edf7') in 0.020249 seconds 
========================================================================
Received Import Request.
  Time since last request: 0.000052 seconds.
  path: Assets/Prefabs/prefab3/map/tiles/地图资源_25.asset
  artifactKey: Guid(0c141739abae6734f93e36cd3ea9cda0) Importer(815301076,1909f56bfc062723c751e8b465ee728b)
Start importing Assets/Prefabs/prefab3/map/tiles/地图资源_25.asset using Guid(0c141739abae6734f93e36cd3ea9cda0) Importer(815301076,1909f56bfc062723c751e8b465ee728b)  -> (artifact id: 'a1916e0fd0b39dc9f2684bc105e96528') in 0.022713 seconds 
========================================================================
Received Import Request.
  Time since last request: 0.000040 seconds.
  path: Assets/Prefabs/prefab3/map/tiles/地图资源_16.asset
  artifactKey: Guid(0ea3cf15e06f242429fb6be2199e77af) Importer(815301076,1909f56bfc062723c751e8b465ee728b)
Start importing Assets/Prefabs/prefab3/map/tiles/地图资源_16.asset using Guid(0ea3cf15e06f242429fb6be2199e77af) Importer(815301076,1909f56bfc062723c751e8b465ee728b)  -> (artifact id: 'a072fc4773e2711bee9279609d1e1129') in 0.019677 seconds 
========================================================================
Received Import Request.
  Time since last request: 0.000056 seconds.
  path: Assets/Prefabs/prefab3/map/tiles/地图资源_6.asset
  artifactKey: Guid(98053f6383f1cac43842e0036d23a3f0) Importer(815301076,1909f56bfc062723c751e8b465ee728b)
Start importing Assets/Prefabs/prefab3/map/tiles/地图资源_6.asset using Guid(98053f6383f1cac43842e0036d23a3f0) Importer(815301076,1909f56bfc062723c751e8b465ee728b)  -> (artifact id: '428f173b7c6b7f394de29949e40d2fad') in 0.018691 seconds 
========================================================================
Received Import Request.
  Time since last request: 0.000079 seconds.
  path: Assets/Prefabs/prefab3/map/tiles/地图资源_29.asset
  artifactKey: Guid(aa60fed5322b778458f9b8a9ae083fbd) Importer(815301076,1909f56bfc062723c751e8b465ee728b)
Start importing Assets/Prefabs/prefab3/map/tiles/地图资源_29.asset using Guid(aa60fed5322b778458f9b8a9ae083fbd) Importer(815301076,1909f56bfc062723c751e8b465ee728b)  -> (artifact id: '866b99c02a10a18a0f9204bb9910a941') in 0.021892 seconds 
Editor requested this worker to shutdown with reason: Scaling down because of idle timeout
AssetImportWorker is now disconnected from the server
Process exiting
Exiting without the bug reporter. Application will terminate with return code 0