Using pre-set license
Built from 'HEAD' branch; Version is '2021.3.16f1c1 (56dbfdd6697f) revision 5692413'; Using compiler version '192829333'; Build Type 'Release'
OS: 'Windows 11  (10.0.26200) 64bit CoreCountrySpecific' Language: 'zh' Physical Memory: 15774 MB
BatchMode: 1, IsHumanControllingUs: 0, StartBugReporterOnCrash: 0, Is64bit: 1, IsPro: 1

COMMAND LINE ARGUMENTS:
D:\unitybianjiqi\2021.3.16f1c1\Editor\Unity.exe
-adb2
-batchMode
-noUpm
-name
AssetImportWorker10
-projectPath
C:/Users/rog/Desktop/shixunUnity
-logFile
Logs/AssetImportWorker10.log
-srvPort
11931
Successfully changed project path to: C:/Users/rog/Desktop/shixunUnity
C:/Users/rog/Desktop/shixunUnity
[UnityMemory] Configuration Parameters - Can be set up in boot.config
    "memorysetup-bucket-allocator-granularity=16"
    "memorysetup-bucket-allocator-bucket-count=8"
    "memorysetup-bucket-allocator-block-size=33554432"
    "memorysetup-bucket-allocator-block-count=8"
    "memorysetup-main-allocator-block-size=16777216"
    "memorysetup-thread-allocator-block-size=16777216"
    "memorysetup-gfx-main-allocator-block-size=16777216"
    "memorysetup-gfx-thread-allocator-block-size=16777216"
    "memorysetup-cache-allocator-block-size=4194304"
    "memorysetup-typetree-allocator-block-size=2097152"
    "memorysetup-profiler-bucket-allocator-granularity=16"
    "memorysetup-profiler-bucket-allocator-bucket-count=8"
    "memorysetup-profiler-bucket-allocator-block-size=33554432"
    "memorysetup-profiler-bucket-allocator-block-count=8"
    "memorysetup-profiler-allocator-block-size=16777216"
    "memorysetup-profiler-editor-allocator-block-size=1048576"
    "memorysetup-temp-allocator-size-main=16777216"
    "memorysetup-job-temp-allocator-block-size=2097152"
    "memorysetup-job-temp-allocator-block-size-background=1048576"
    "memorysetup-job-temp-allocator-reduction-small-platforms=262144"
    "memorysetup-temp-allocator-size-background-worker=32768"
    "memorysetup-temp-allocator-size-job-worker=262144"
    "memorysetup-temp-allocator-size-preload-manager=33554432"
    "memorysetup-temp-allocator-size-nav-mesh-worker=65536"
    "memorysetup-temp-allocator-size-audio-worker=65536"
    "memorysetup-temp-allocator-size-cloud-worker=32768"
    "memorysetup-temp-allocator-size-gi-baking-worker=262144"
    "memorysetup-temp-allocator-size-gfx=262144"
Player connection [28668] Host "[IP] 192.168.3.205 [Port] 0 [Flags] 2 [Guid] 2757514283 [EditorId] 2757514283 [Version] 1048832 [Id] WindowsEditor(7,LAPTOP-K5FB5TGA) [Debug] 1 [PackageName] WindowsEditor [ProjectName] Editor" joined multi-casting on [225.0.0.222:54997]...

Player connection [28668] Host "[IP] 192.168.3.205 [Port] 0 [Flags] 2 [Guid] 2757514283 [EditorId] 2757514283 [Version] 1048832 [Id] WindowsEditor(7,LAPTOP-K5FB5TGA) [Debug] 1 [PackageName] WindowsEditor [ProjectName] Editor" joined alternative multi-casting on [225.0.0.222:34997]...

AS: AutoStreaming module initializing.
Refreshing native plugins compatible for Editor in 201.76 ms, found 4 plugins.
Preloading 0 native plugins for Editor in 0.00 ms.
Initialize engine version: 2021.3.16f1c1 (56dbfdd6697f)
[Subsystems] Discovering subsystems at path D:/unitybianjiqi/2021.3.16f1c1/Editor/Data/Resources/UnitySubsystems
[Subsystems] Discovering subsystems at path C:/Users/rog/Desktop/shixunUnity/Assets
GfxDevice: creating device client; threaded=0; jobified=0
Direct3D:
    Version:  Direct3D 11.0 [level 11.1]
    Renderer: AMD Radeon RX 6800M (ID=0x73df)
    Vendor:   ATI
    VRAM:     12242 MB
    Driver:   32.0.21041.1000
Initialize mono
Mono path[0] = 'D:/unitybianjiqi/2021.3.16f1c1/Editor/Data/Managed'
Mono path[1] = 'D:/unitybianjiqi/2021.3.16f1c1/Editor/Data/MonoBleedingEdge/lib/mono/unityjit-win32'
Mono config path = 'D:/unitybianjiqi/2021.3.16f1c1/Editor/Data/MonoBleedingEdge/etc'
Using monoOptions --debugger-agent=transport=dt_socket,embedding=1,server=y,suspend=n,address=127.0.0.1:56236
Begin MonoManager ReloadAssembly
Registering precompiled unity dll's ...
Register platform support module: D:/unitybianjiqi/2021.3.16f1c1/Editor/Data/PlaybackEngines/WindowsStandaloneSupport/UnityEditor.WindowsStandalone.Extensions.dll
Registered in 0.006062 seconds.
Native extension for WindowsStandalone target not found
Refreshing native plugins compatible for Editor in 165.21 ms, found 4 plugins.
Preloading 0 native plugins for Editor in 0.00 ms.
Mono: successfully reloaded assembly
- Completed reload, in  0.837 seconds
Domain Reload Profiling:
	ReloadAssembly (839ms)
		BeginReloadAssembly (103ms)
			ExecutionOrderSort (0ms)
			DisableScriptedObjects (0ms)
			BackupInstance (0ms)
			ReleaseScriptingObjects (0ms)
			CreateAndSetChildDomain (1ms)
		EndReloadAssembly (579ms)
			LoadAssemblies (95ms)
			RebuildTransferFunctionScriptingTraits (0ms)
			SetupTypeCache (119ms)
			ReleaseScriptCaches (0ms)
			RebuildScriptCaches (29ms)
			SetupLoadedEditorAssemblies (359ms)
				LogAssemblyErrors (0ms)
				InitializePlatformSupportModulesInManaged (8ms)
				SetLoadedEditorAssemblies (0ms)
				RefreshPlugins (165ms)
				BeforeProcessingInitializeOnLoad (1ms)
				ProcessInitializeOnLoadAttributes (130ms)
				ProcessInitializeOnLoadMethodAttributes (54ms)
				AfterProcessingInitializeOnLoad (0ms)
				EditorAssembliesLoaded (0ms)
			ExecutionOrderSort2 (0ms)
			AwakeInstancesAfterBackupRestoration (0ms)
Platform modules already initialized, skipping
Registering precompiled user dll's ...
Registered in 0.049242 seconds.
Begin MonoManager ReloadAssembly
Symbol file LoadedFromMemory doesn't match image C:\Users\rog\Desktop\shixunUnity\Library\PackageCache\com.unity.visualscripting@1.7.8\Editor\VisualScripting.Core\Dependencies\DotNetZip\Unity.VisualScripting.IonicZip.dll
Symbol file LoadedFromMemory doesn't match image C:\Users\rog\Desktop\shixunUnity\Library\PackageCache\com.unity.visualscripting@1.7.8\Editor\VisualScripting.Core\Dependencies\YamlDotNet\Unity.VisualScripting.YamlDotNet.dll
Native extension for WindowsStandalone target not found
Refreshing native plugins compatible for Editor in 143.98 ms, found 4 plugins.
Preloading 0 native plugins for Editor in 0.00 ms.
Package Manager log level set to [2]
Mono: successfully reloaded assembly
- Completed reload, in  1.745 seconds
Domain Reload Profiling:
	ReloadAssembly (1746ms)
		BeginReloadAssembly (130ms)
			ExecutionOrderSort (0ms)
			DisableScriptedObjects (6ms)
			BackupInstance (0ms)
			ReleaseScriptingObjects (0ms)
			CreateAndSetChildDomain (22ms)
		EndReloadAssembly (1442ms)
			LoadAssemblies (166ms)
			RebuildTransferFunctionScriptingTraits (0ms)
			SetupTypeCache (320ms)
			ReleaseScriptCaches (1ms)
			RebuildScriptCaches (73ms)
			SetupLoadedEditorAssemblies (806ms)
				LogAssemblyErrors (0ms)
				InitializePlatformSupportModulesInManaged (4ms)
				SetLoadedEditorAssemblies (0ms)
				RefreshPlugins (144ms)
				BeforeProcessingInitializeOnLoad (166ms)
				ProcessInitializeOnLoadAttributes (295ms)
				ProcessInitializeOnLoadMethodAttributes (179ms)
				AfterProcessingInitializeOnLoad (18ms)
				EditorAssembliesLoaded (0ms)
			ExecutionOrderSort2 (0ms)
			AwakeInstancesAfterBackupRestoration (8ms)
Platform modules already initialized, skipping
========================================================================
Worker process is ready to serve import requests
Launched and connected shader compiler UnityShaderCompiler.exe after 0.06 seconds
Refreshing native plugins compatible for Editor in 1.49 ms, found 4 plugins.
Preloading 0 native plugins for Editor in 0.00 ms.
Unloading 6350 Unused Serialized files (Serialized files now loaded: 0)
Unloading 93 unused Assets / (0.8 MB). Loaded Objects now: 6768.
Memory consumption went from 238.0 MB to 237.2 MB.
Total: 7.825800 ms (FindLiveObjects: 0.427600 ms CreateObjectMapping: 0.221700 ms MarkObjects: 6.821200 ms  DeleteObjects: 0.354100 ms)

AssetImportParameters requested are different than current active one (requested -> active):
  custom:video-decoder-ogg-theora: a1e56fd34408186e4bbccfd4996cb3dc -> 
  custom:container-muxer-webm: aa71ff27fc2769a1b78a27578f13a17b -> 
  custom:container-demuxer-webm: 4f35f7cbe854078d1ac9338744f61a02 -> 
  custom:video-encoder-webm-vp8: eb34c28f22e8b96e1ab97ce403110664 -> 
  custom:video-codec-MediaFoundation-h265: 746d11721c4dcdbdad8f713fa42b33f4 -> 
  custom:audio-encoder-webm-vorbis: bf7c407c2cedff20999df2af8eb42d56 -> 
  custom:framework-win-MediaFoundation: 216162199b28c13a410421893ffa2e32 -> 
  custom:container-demuxer-ogg: 62fdf1f143b41e24485cea50d1cbac27 -> 
  custom:video-decoder-webm-vp8: 9c59270c3fd7afecdb556c50c9e8de78 -> 
  custom:audio-decoder-ogg-vorbis: bf7c407c2cedff20999df2af8eb42d56 -> 
========================================================================
Received Import Request.
  Time since last request: 33094.564783 seconds.
  path: Packages/com.unity.2d.sprite/Editor/ObjectMenuCreation/DefaultAssets/Textures/v2/HexagonPointedTop.png
  artifactKey: Guid(5aa8b770bc43046bc8d993d0d5b7f4a5) Importer(815301076,1909f56bfc062723c751e8b465ee728b)
Start importing Packages/com.unity.2d.sprite/Editor/ObjectMenuCreation/DefaultAssets/Textures/v2/HexagonPointedTop.png using Guid(5aa8b770bc43046bc8d993d0d5b7f4a5) Importer(815301076,1909f56bfc062723c751e8b465ee728b)  -> (artifact id: '4070d68183995725b5e852c95248d0db') in 0.138442 seconds 
========================================================================
Received Import Request.
  Time since last request: 2678.777633 seconds.
  path: Assets/Prefabs/prefab3/map/map tiles/地图资源_1.asset
  artifactKey: Guid(56c336ade01169844bb5c8e22a9fbd77) Importer(815301076,1909f56bfc062723c751e8b465ee728b)
Start importing Assets/Prefabs/prefab3/map/map tiles/地图资源_1.asset using Guid(56c336ade01169844bb5c8e22a9fbd77) Importer(815301076,1909f56bfc062723c751e8b465ee728b)  -> (artifact id: 'de684ac2516f6d8fb5f418ba906b6e88') in 0.052218 seconds 
========================================================================
Received Import Request.
  Time since last request: 0.000069 seconds.
  path: Assets/Prefabs/prefab3/map/map tiles/地图资源_2.asset
  artifactKey: Guid(7a093ebb0e2cd874880e278f0d9117cd) Importer(815301076,1909f56bfc062723c751e8b465ee728b)
Start importing Assets/Prefabs/prefab3/map/map tiles/地图资源_2.asset using Guid(7a093ebb0e2cd874880e278f0d9117cd) Importer(815301076,1909f56bfc062723c751e8b465ee728b)  -> (artifact id: '565c460eae5eb45e07504fa47c409afa') in 0.018594 seconds 
========================================================================
Received Import Request.
  Time since last request: 0.000035 seconds.
  path: Assets/Prefabs/prefab3/map/map tiles/地图资源_11.asset
  artifactKey: Guid(8ecd35b318e7cae418adc14a9c327fdd) Importer(815301076,1909f56bfc062723c751e8b465ee728b)
Start importing Assets/Prefabs/prefab3/map/map tiles/地图资源_11.asset using Guid(8ecd35b318e7cae418adc14a9c327fdd) Importer(815301076,1909f56bfc062723c751e8b465ee728b)  -> (artifact id: '41700d2544938c0339b477902e186c83') in 0.018720 seconds 
========================================================================
Received Import Request.
  Time since last request: 0.000030 seconds.
  path: Assets/Prefabs/prefab3/map/map tiles/地图资源_14.asset
  artifactKey: Guid(9b254688053dcac4e893e1349ea09fa4) Importer(815301076,1909f56bfc062723c751e8b465ee728b)
Start importing Assets/Prefabs/prefab3/map/map tiles/地图资源_14.asset using Guid(9b254688053dcac4e893e1349ea09fa4) Importer(815301076,1909f56bfc062723c751e8b465ee728b)  -> (artifact id: 'ebab85081fc7445f7439044bb39d85f7') in 0.018201 seconds 
========================================================================
Received Import Request.
  Time since last request: 0.000029 seconds.
  path: Assets/Prefabs/prefab3/map/map tiles/地图资源_21.asset
  artifactKey: Guid(0ddf17be8a87d3f4f942a1219a6d27fd) Importer(815301076,1909f56bfc062723c751e8b465ee728b)
Start importing Assets/Prefabs/prefab3/map/map tiles/地图资源_21.asset using Guid(0ddf17be8a87d3f4f942a1219a6d27fd) Importer(815301076,1909f56bfc062723c751e8b465ee728b)  -> (artifact id: '767d2ad5bfe372eeef138bcd2c6d7cdd') in 0.026700 seconds 
========================================================================
Received Import Request.
  Time since last request: 0.000041 seconds.
  path: Assets/Prefabs/prefab3/map/map tiles/地图资源_23.asset
  artifactKey: Guid(ab77609dc9cdcf046913dc665f0a4263) Importer(815301076,1909f56bfc062723c751e8b465ee728b)
Start importing Assets/Prefabs/prefab3/map/map tiles/地图资源_23.asset using Guid(ab77609dc9cdcf046913dc665f0a4263) Importer(815301076,1909f56bfc062723c751e8b465ee728b)  -> (artifact id: '91b986ce421b0340ae4154be63425d6b') in 0.022740 seconds 
========================================================================
Received Import Request.
  Time since last request: 0.000033 seconds.
  path: Assets/Prefabs/prefab3/map/map tiles/地图资源_32.asset
  artifactKey: Guid(1e60a3370d92e7a4e9500a761df5762d) Importer(815301076,1909f56bfc062723c751e8b465ee728b)
Start importing Assets/Prefabs/prefab3/map/map tiles/地图资源_32.asset using Guid(1e60a3370d92e7a4e9500a761df5762d) Importer(815301076,1909f56bfc062723c751e8b465ee728b)  -> (artifact id: 'aead449035ff9d56eab7cb7964ca5634') in 0.020153 seconds 
========================================================================
Received Import Request.
  Time since last request: 0.000033 seconds.
  path: Assets/Prefabs/prefab3/map/map tiles/地图资源_15.asset
  artifactKey: Guid(fba777fd7dde24a4db890a1391cad769) Importer(815301076,1909f56bfc062723c751e8b465ee728b)
Start importing Assets/Prefabs/prefab3/map/map tiles/地图资源_15.asset using Guid(fba777fd7dde24a4db890a1391cad769) Importer(815301076,1909f56bfc062723c751e8b465ee728b)  -> (artifact id: '188f033874766cdcdde483cef99b6df6') in 0.017906 seconds 
========================================================================
Received Import Request.
  Time since last request: 0.000045 seconds.
  path: Assets/Prefabs/prefab3/map/map tiles/地图资源_34.asset
  artifactKey: Guid(ba7e5c9ee7ea5a04e9d9d68f71f18f7d) Importer(815301076,1909f56bfc062723c751e8b465ee728b)
Start importing Assets/Prefabs/prefab3/map/map tiles/地图资源_34.asset using Guid(ba7e5c9ee7ea5a04e9d9d68f71f18f7d) Importer(815301076,1909f56bfc062723c751e8b465ee728b)  -> (artifact id: '1c3ca1dcb94ff1125ae74059ae320c3b') in 0.018787 seconds 
========================================================================
Received Import Request.
  Time since last request: 0.000034 seconds.
  path: Assets/Prefabs/prefab3/map/map tiles/地图资源_4.asset
  artifactKey: Guid(f8549ee4f0a8d9243b2b93d1856affe2) Importer(815301076,1909f56bfc062723c751e8b465ee728b)
Start importing Assets/Prefabs/prefab3/map/map tiles/地图资源_4.asset using Guid(f8549ee4f0a8d9243b2b93d1856affe2) Importer(815301076,1909f56bfc062723c751e8b465ee728b)  -> (artifact id: '09ec25d50e83621251c9ebdc42c896d2') in 0.017065 seconds 
========================================================================
Received Import Request.
  Time since last request: 0.000043 seconds.
  path: Assets/Prefabs/prefab3/map/map tiles/地图资源_5.asset
  artifactKey: Guid(2964efffc2c0d37449c8aad7b64ee29a) Importer(815301076,1909f56bfc062723c751e8b465ee728b)
Start importing Assets/Prefabs/prefab3/map/map tiles/地图资源_5.asset using Guid(2964efffc2c0d37449c8aad7b64ee29a) Importer(815301076,1909f56bfc062723c751e8b465ee728b)  -> (artifact id: 'b4e32828a061baf3f75b5fea0c06c0bd') in 0.021079 seconds 
========================================================================
Received Import Request.
  Time since last request: 0.000025 seconds.
  path: Assets/Prefabs/prefab3/map/map tiles/地图资源_25.asset
  artifactKey: Guid(ec305dbd91ff6cb43b11f50eeae8516c) Importer(815301076,1909f56bfc062723c751e8b465ee728b)
Start importing Assets/Prefabs/prefab3/map/map tiles/地图资源_25.asset using Guid(ec305dbd91ff6cb43b11f50eeae8516c) Importer(815301076,1909f56bfc062723c751e8b465ee728b)  -> (artifact id: 'a22b3227543d3108bbec2de2651b7002') in 0.017645 seconds 
========================================================================
Received Import Request.
  Time since last request: 0.000033 seconds.
  path: Assets/Prefabs/prefab3/map/map tiles/地图资源_6.asset
  artifactKey: Guid(f8f94b05dfe401548b77873a3c4cd41e) Importer(815301076,1909f56bfc062723c751e8b465ee728b)
Start importing Assets/Prefabs/prefab3/map/map tiles/地图资源_6.asset using Guid(f8f94b05dfe401548b77873a3c4cd41e) Importer(815301076,1909f56bfc062723c751e8b465ee728b)  -> (artifact id: '8be4ab32354e704da735269e1b06e61f') in 0.016785 seconds 
========================================================================
Received Import Request.
  Time since last request: 0.000091 seconds.
  path: Assets/Prefabs/prefab3/map/map tiles/地图资源_18.asset
  artifactKey: Guid(37bd0acbac7a134459ba91b9b0cc5266) Importer(815301076,1909f56bfc062723c751e8b465ee728b)
Start importing Assets/Prefabs/prefab3/map/map tiles/地图资源_18.asset using Guid(37bd0acbac7a134459ba91b9b0cc5266) Importer(815301076,1909f56bfc062723c751e8b465ee728b)  -> (artifact id: 'a4a0b3599f364cb8d19b05bce63d7db4') in 0.021217 seconds 
========================================================================
Received Import Request.
  Time since last request: 0.000025 seconds.
  path: Assets/Prefabs/prefab3/map/map tiles/地图资源_27.asset
  artifactKey: Guid(d5e5bb043c9ab7a43bb94d26c6f926fb) Importer(815301076,1909f56bfc062723c751e8b465ee728b)
Start importing Assets/Prefabs/prefab3/map/map tiles/地图资源_27.asset using Guid(d5e5bb043c9ab7a43bb94d26c6f926fb) Importer(815301076,1909f56bfc062723c751e8b465ee728b)  -> (artifact id: '890106a54b37d011fc6c7a5ee81a9a97') in 0.020314 seconds 
========================================================================
Received Import Request.
  Time since last request: 0.000028 seconds.
  path: Assets/Prefabs/prefab3/map/map tiles/地图资源_20.asset
  artifactKey: Guid(f591f54fed7ca40449e7aef3f60027f8) Importer(815301076,1909f56bfc062723c751e8b465ee728b)
Start importing Assets/Prefabs/prefab3/map/map tiles/地图资源_20.asset using Guid(f591f54fed7ca40449e7aef3f60027f8) Importer(815301076,1909f56bfc062723c751e8b465ee728b)  -> (artifact id: '301351ed864d7a0d53ee2c22b48e6f57') in 0.017142 seconds 
========================================================================
Received Import Request.
  Time since last request: 0.000029 seconds.
  path: Assets/Prefabs/prefab3/map/map tiles/地图资源_12.asset
  artifactKey: Guid(850f7b21aec8cdc48aac7a7a2f47dafd) Importer(815301076,1909f56bfc062723c751e8b465ee728b)
Start importing Assets/Prefabs/prefab3/map/map tiles/地图资源_12.asset using Guid(850f7b21aec8cdc48aac7a7a2f47dafd) Importer(815301076,1909f56bfc062723c751e8b465ee728b)  -> (artifact id: '6440355012578d73f7b702065c627f14') in 0.021636 seconds 
========================================================================
Received Import Request.
  Time since last request: 0.243167 seconds.
  path: Assets/Prefabs/prefab3/map/tiles/地图资源_1.asset
  artifactKey: Guid(8c916a278ebd5f841b705ef3443ab908) Importer(815301076,1909f56bfc062723c751e8b465ee728b)
Start importing Assets/Prefabs/prefab3/map/tiles/地图资源_1.asset using Guid(8c916a278ebd5f841b705ef3443ab908) Importer(815301076,1909f56bfc062723c751e8b465ee728b)  -> (artifact id: '6bb6f1571b753477533b9939072c6899') in 0.020998 seconds 
========================================================================
Received Import Request.
  Time since last request: 0.000034 seconds.
  path: Assets/Prefabs/prefab3/map/tiles/地图资源_23.asset
  artifactKey: Guid(4bdfa47272fefc241ae0065c1afb8648) Importer(815301076,1909f56bfc062723c751e8b465ee728b)
Start importing Assets/Prefabs/prefab3/map/tiles/地图资源_23.asset using Guid(4bdfa47272fefc241ae0065c1afb8648) Importer(815301076,1909f56bfc062723c751e8b465ee728b)  -> (artifact id: '5669934e7cc5f7a9406080d50755e32b') in 0.019546 seconds 
========================================================================
Received Import Request.
  Time since last request: 0.000028 seconds.
  path: Assets/Prefabs/prefab3/map/tiles/地图资源_30.asset
  artifactKey: Guid(b57c44a3c1a0ae34ca2e4bde7da0c3ab) Importer(815301076,1909f56bfc062723c751e8b465ee728b)
Start importing Assets/Prefabs/prefab3/map/tiles/地图资源_30.asset using Guid(b57c44a3c1a0ae34ca2e4bde7da0c3ab) Importer(815301076,1909f56bfc062723c751e8b465ee728b)  -> (artifact id: '533768e1f5fc032d6fb4246861261fbb') in 0.018265 seconds 
========================================================================
Received Import Request.
  Time since last request: 0.000044 seconds.
  path: Assets/Prefabs/prefab3/map/tiles/地图资源_5.asset
  artifactKey: Guid(e1886a4b012f5eb4c89f7cd9f01e8361) Importer(815301076,1909f56bfc062723c751e8b465ee728b)
Start importing Assets/Prefabs/prefab3/map/tiles/地图资源_5.asset using Guid(e1886a4b012f5eb4c89f7cd9f01e8361) Importer(815301076,1909f56bfc062723c751e8b465ee728b)  -> (artifact id: '327cf1c357faae9ca6e97c04ff1ebbca') in 0.015922 seconds 
========================================================================
Received Import Request.
  Time since last request: 0.000039 seconds.
  path: Assets/Prefabs/prefab3/map/tiles/地图资源_28.asset
  artifactKey: Guid(f95ef0b6597a1904d9491dbcf4e6f934) Importer(815301076,1909f56bfc062723c751e8b465ee728b)
Start importing Assets/Prefabs/prefab3/map/tiles/地图资源_28.asset using Guid(f95ef0b6597a1904d9491dbcf4e6f934) Importer(815301076,1909f56bfc062723c751e8b465ee728b)  -> (artifact id: '8d021da05f1cf709e9fed797bf9fc05c') in 0.015757 seconds 
========================================================================
Received Import Request.
  Time since last request: 0.000030 seconds.
  path: Assets/Prefabs/prefab3/map/tiles/地图资源_21.asset
  artifactKey: Guid(33754127e71d41c4690bea1ad8f2a45e) Importer(815301076,1909f56bfc062723c751e8b465ee728b)
Start importing Assets/Prefabs/prefab3/map/tiles/地图资源_21.asset using Guid(33754127e71d41c4690bea1ad8f2a45e) Importer(815301076,1909f56bfc062723c751e8b465ee728b)  -> (artifact id: '8e365401411d37a4e46b0551abda50fe') in 0.022007 seconds 
========================================================================
Received Import Request.
  Time since last request: 0.000037 seconds.
  path: Assets/Prefabs/prefab3/map/tiles/地图资源_12.asset
  artifactKey: Guid(30cad5763b4755c4d836305759a67c8b) Importer(815301076,1909f56bfc062723c751e8b465ee728b)
Start importing Assets/Prefabs/prefab3/map/tiles/地图资源_12.asset using Guid(30cad5763b4755c4d836305759a67c8b) Importer(815301076,1909f56bfc062723c751e8b465ee728b)  -> (artifact id: '3719ef0a9098460d8de135460dc12052') in 0.020660 seconds 
========================================================================
Received Import Request.
  Time since last request: 0.000036 seconds.
  path: Assets/Prefabs/prefab3/map/tiles/地图资源_33.asset
  artifactKey: Guid(65c3049aa6734f849a54b1d5d7c9a125) Importer(815301076,1909f56bfc062723c751e8b465ee728b)
Start importing Assets/Prefabs/prefab3/map/tiles/地图资源_33.asset using Guid(65c3049aa6734f849a54b1d5d7c9a125) Importer(815301076,1909f56bfc062723c751e8b465ee728b)  -> (artifact id: '79da1e4e79a66426aa5dc9bd8e10ad03') in 0.021795 seconds 
========================================================================
Received Import Request.
  Time since last request: 0.000035 seconds.
  path: Assets/Prefabs/prefab3/map/tiles/地图资源_14.asset
  artifactKey: Guid(10465769d8b912a48a17c882570e15e0) Importer(815301076,1909f56bfc062723c751e8b465ee728b)
Start importing Assets/Prefabs/prefab3/map/tiles/地图资源_14.asset using Guid(10465769d8b912a48a17c882570e15e0) Importer(815301076,1909f56bfc062723c751e8b465ee728b)  -> (artifact id: 'a10c20d104a410825d57399d9524d8dd') in 0.018988 seconds 
========================================================================
Received Import Request.
  Time since last request: 0.000031 seconds.
  path: Assets/Prefabs/prefab3/map/tiles/地图资源_18.asset
  artifactKey: Guid(bcb70f9d5d6c7254a96df3b6d481c946) Importer(815301076,1909f56bfc062723c751e8b465ee728b)
Start importing Assets/Prefabs/prefab3/map/tiles/地图资源_18.asset using Guid(bcb70f9d5d6c7254a96df3b6d481c946) Importer(815301076,1909f56bfc062723c751e8b465ee728b)  -> (artifact id: 'e6f49710fef2ebc67ed8ea1c6f5dacee') in 0.021535 seconds 
========================================================================
Received Import Request.
  Time since last request: 0.000038 seconds.
  path: Assets/Prefabs/prefab3/map/tiles/地图资源_7.asset
  artifactKey: Guid(7064262da6108454c99e21ea68874185) Importer(815301076,1909f56bfc062723c751e8b465ee728b)
Start importing Assets/Prefabs/prefab3/map/tiles/地图资源_7.asset using Guid(7064262da6108454c99e21ea68874185) Importer(815301076,1909f56bfc062723c751e8b465ee728b)  -> (artifact id: '469de10158bb1ce39dbe2d64c37d0d11') in 0.019921 seconds 
========================================================================
Received Import Request.
  Time since last request: 0.000031 seconds.
  path: Assets/Prefabs/prefab3/map/tiles/地图资源_4.asset
  artifactKey: Guid(4f24686be6312424c838e5dd9832aba6) Importer(815301076,1909f56bfc062723c751e8b465ee728b)
Start importing Assets/Prefabs/prefab3/map/tiles/地图资源_4.asset using Guid(4f24686be6312424c838e5dd9832aba6) Importer(815301076,1909f56bfc062723c751e8b465ee728b)  -> (artifact id: 'c71661d46e3bb1d0811e488ba87c44c7') in 0.021785 seconds 
========================================================================
Received Import Request.
  Time since last request: 0.000028 seconds.
  path: Assets/Prefabs/prefab3/map/tiles/地图资源_22.asset
  artifactKey: Guid(b0dc26aab8562104fa2ea33fd47e8896) Importer(815301076,1909f56bfc062723c751e8b465ee728b)
Start importing Assets/Prefabs/prefab3/map/tiles/地图资源_22.asset using Guid(b0dc26aab8562104fa2ea33fd47e8896) Importer(815301076,1909f56bfc062723c751e8b465ee728b)  -> (artifact id: 'a72d101373c6855f111b15d63c444de2') in 0.021323 seconds 
========================================================================
Received Import Request.
  Time since last request: 0.000052 seconds.
  path: Assets/Prefabs/prefab3/map/tiles/地图资源_24.asset
  artifactKey: Guid(cdcfe4e4d6c134a47a73338275279e14) Importer(815301076,1909f56bfc062723c751e8b465ee728b)
Start importing Assets/Prefabs/prefab3/map/tiles/地图资源_24.asset using Guid(cdcfe4e4d6c134a47a73338275279e14) Importer(815301076,1909f56bfc062723c751e8b465ee728b)  -> (artifact id: '0dec17a8446aa7f05df65b3bd4b41940') in 0.021098 seconds 
========================================================================
Received Import Request.
  Time since last request: 0.000031 seconds.
  path: Assets/Prefabs/prefab3/map/tiles/地图资源_35.asset
  artifactKey: Guid(4b8158c12ea012b46af680a601c36be4) Importer(815301076,1909f56bfc062723c751e8b465ee728b)
Start importing Assets/Prefabs/prefab3/map/tiles/地图资源_35.asset using Guid(4b8158c12ea012b46af680a601c36be4) Importer(815301076,1909f56bfc062723c751e8b465ee728b)  -> (artifact id: 'aa8b906212df29351218c075f5648535') in 0.018816 seconds 
========================================================================
Received Import Request.
  Time since last request: 0.000040 seconds.
  path: Assets/Prefabs/prefab3/map/tiles/地图资源_17.asset
  artifactKey: Guid(030ba89d51f9a1147b2bbcc51311cb42) Importer(815301076,1909f56bfc062723c751e8b465ee728b)
Start importing Assets/Prefabs/prefab3/map/tiles/地图资源_17.asset using Guid(030ba89d51f9a1147b2bbcc51311cb42) Importer(815301076,1909f56bfc062723c751e8b465ee728b)  -> (artifact id: 'b551579162c93557b1b0c29620c5d9bf') in 0.019392 seconds 
========================================================================
Received Import Request.
  Time since last request: 0.000026 seconds.
  path: Assets/Prefabs/prefab3/map/tiles/地图资源_34.asset
  artifactKey: Guid(b95d742b2fce1b942a6c8998249d6748) Importer(815301076,1909f56bfc062723c751e8b465ee728b)
Start importing Assets/Prefabs/prefab3/map/tiles/地图资源_34.asset using Guid(b95d742b2fce1b942a6c8998249d6748) Importer(815301076,1909f56bfc062723c751e8b465ee728b)  -> (artifact id: 'b812bb7f114e1df674b150ff903ca9c6') in 0.020639 seconds 
========================================================================
Received Import Request.
  Time since last request: 0.000039 seconds.
  path: Assets/Prefabs/prefab3/map/tiles/地图资源_31.asset
  artifactKey: Guid(a1413983189ead645b1900181fa25c8c) Importer(815301076,1909f56bfc062723c751e8b465ee728b)
Start importing Assets/Prefabs/prefab3/map/tiles/地图资源_31.asset using Guid(a1413983189ead645b1900181fa25c8c) Importer(815301076,1909f56bfc062723c751e8b465ee728b)  -> (artifact id: '3688eeb7ab8ba60a5dff1703507b1104') in 0.016805 seconds 
Editor requested this worker to shutdown with reason: Scaling down because of idle timeout
AssetImportWorker is now disconnected from the server
Process exiting
Exiting without the bug reporter. Application will terminate with return code 0